2025-03-06 17:17:11 [background-preinit] INFO  o.h.validator.internal.util.Version - HV000001: Hibernate Validator 8.0.2.Final
2025-03-06 17:17:12 [main] INFO  c.e.c.EmployeePayrollApplication - Starting EmployeePayrollApplication using Java 23.0.2 with PID 25088 (C:\Users\prasoon_modi\Desktop\EmployeePayroll\target\classes started by prasoon_modi in C:\Users\prasoon_modi\Desktop\EmployeePayroll)
2025-03-06 17:17:12 [main] DEBUG c.e.c.EmployeePayrollApplication - Running with Spring Boot v3.4.2, Spring v6.2.2
2025-03-06 17:17:12 [main] INFO  c.e.c.EmployeePayrollApplication - No active profile set, falling back to 1 default profile: "default"
2025-03-06 17:17:12 [main] INFO  o.s.d.r.c.RepositoryConfigurationDelegate - Bootstrapping Spring Data JPA repositories in DEFAULT mode.
2025-03-06 17:17:12 [main] INFO  o.s.d.r.c.RepositoryConfigurationDelegate - Finished Spring Data repository scanning in 47 ms. Found 3 JPA repository interfaces.
2025-03-06 17:17:13 [main] INFO  o.s.b.w.e.tomcat.TomcatWebServer - Tomcat initialized with port 8080 (http)
2025-03-06 17:17:13 [main] INFO  o.a.coyote.http11.Http11NioProtocol - Initializing ProtocolHandler ["http-nio-8080"]
2025-03-06 17:17:13 [main] INFO  o.a.catalina.core.StandardService - Starting service [Tomcat]
2025-03-06 17:17:13 [main] INFO  o.a.catalina.core.StandardEngine - Starting Servlet engine: [Apache Tomcat/10.1.34]
2025-03-06 17:17:13 [main] INFO  o.a.c.c.C.[Tomcat].[localhost].[/] - Initializing Spring embedded WebApplicationContext
2025-03-06 17:17:13 [main] INFO  o.s.b.w.s.c.ServletWebServerApplicationContext - Root WebApplicationContext: initialization completed in 1406 ms
2025-03-06 17:17:13 [main] INFO  o.h.jpa.internal.util.LogHelper - HHH000204: Processing PersistenceUnitInfo [name: default]
2025-03-06 17:17:13 [main] INFO  org.hibernate.Version - HHH000412: Hibernate ORM core version 6.6.5.Final
2025-03-06 17:17:13 [main] INFO  o.h.c.i.RegionFactoryInitiator - HHH000026: Second-level cache disabled
2025-03-06 17:17:14 [main] INFO  o.s.o.j.p.SpringPersistenceUnitInfo - No LoadTimeWeaver setup: ignoring JPA class transformer
2025-03-06 17:17:14 [main] INFO  com.zaxxer.hikari.HikariDataSource - HikariPool-1 - Starting...
2025-03-06 17:17:14 [main] INFO  com.zaxxer.hikari.pool.HikariPool - HikariPool-1 - Added connection com.mysql.cj.jdbc.ConnectionImpl@6cc8da1c
2025-03-06 17:17:14 [main] INFO  com.zaxxer.hikari.HikariDataSource - HikariPool-1 - Start completed.
2025-03-06 17:17:14 [main] WARN  org.hibernate.orm.deprecation - HHH90000025: MySQL8Dialect does not need to be specified explicitly using 'hibernate.dialect' (remove the property setting and it will be selected by default)
2025-03-06 17:17:14 [main] WARN  org.hibernate.orm.deprecation - HHH90000026: MySQL8Dialect has been deprecated; use org.hibernate.dialect.MySQLDialect instead
2025-03-06 17:17:14 [main] INFO  o.hibernate.orm.connections.pooling - HHH10001005: Database info:
	Database JDBC URL [Connecting through datasource 'HikariDataSource (HikariPool-1)']
	Database driver: undefined/unknown
	Database version: 8.0
	Autocommit mode: undefined/unknown
	Isolation level: undefined/unknown
	Minimum pool size: undefined/unknown
	Maximum pool size: undefined/unknown
2025-03-06 17:17:15 [main] INFO  o.h.e.t.j.p.i.JtaPlatformInitiator - HHH000489: No JTA platform available (set 'hibernate.transaction.jta.platform' to enable JTA platform integration)
2025-03-06 17:17:15 [main] INFO  o.s.o.j.LocalContainerEntityManagerFactoryBean - Initialized JPA EntityManagerFactory for persistence unit 'default'
2025-03-06 17:17:15 [main] INFO  o.s.d.j.r.query.QueryEnhancerFactory - Hibernate is in classpath; If applicable, HQL parser will be used.
2025-03-06 17:17:16 [main] WARN  o.s.b.a.o.j.JpaBaseConfiguration$JpaWebConfiguration - spring.jpa.open-in-view is enabled by default. Therefore, database queries may be performed during view rendering. Explicitly configure spring.jpa.open-in-view to disable this warning
2025-03-06 17:17:16 [main] INFO  o.s.b.a.w.s.WelcomePageHandlerMapping - Adding welcome page: class path resource [static/index.html]
2025-03-06 17:17:17 [main] INFO  o.a.coyote.http11.Http11NioProtocol - Starting ProtocolHandler ["http-nio-8080"]
2025-03-06 17:17:17 [main] INFO  o.s.b.w.e.tomcat.TomcatWebServer - Tomcat started on port 8080 (http) with context path '/'
2025-03-06 17:17:17 [main] INFO  c.e.c.EmployeePayrollApplication - Started EmployeePayrollApplication in 5.749 seconds (process running for 6.135)
2025-03-06 17:17:35 [http-nio-8080-exec-2] INFO  o.a.c.c.C.[Tomcat].[localhost].[/] - Initializing Spring DispatcherServlet 'dispatcherServlet'
2025-03-06 17:17:35 [http-nio-8080-exec-2] INFO  o.s.web.servlet.DispatcherServlet - Initializing Servlet 'dispatcherServlet'
2025-03-06 17:17:35 [http-nio-8080-exec-2] INFO  o.s.web.servlet.DispatcherServlet - Completed initialization in 1 ms
2025-03-06 17:17:35 [http-nio-8080-exec-2] INFO  c.e.c.controller.EmployeeController - Received request to fetch all employees
2025-03-06 17:17:35 [http-nio-8080-exec-2] INFO  c.e.c.service.DefaultEmployeeService - Fetching all employees
2025-03-06 17:17:35 [http-nio-8080-exec-2] INFO  c.e.c.service.DefaultEmployeeService - Employees 11 fetched
2025-03-06 17:17:43 [http-nio-8080-exec-3] INFO  c.e.c.c.DesignationController - Received request to fetch all designations
2025-03-06 17:17:43 [http-nio-8080-exec-3] INFO  c.e.c.s.DefaultDesignationService - Fetching all Designations
2025-03-06 17:17:43 [http-nio-8080-exec-3] INFO  c.e.c.s.DefaultDesignationService - Designations 4 fetched
2025-03-06 17:17:50 [http-nio-8080-exec-4] INFO  c.e.c.c.DepartmentController - Received request to fetch all departments
2025-03-06 17:17:50 [http-nio-8080-exec-4] INFO  c.e.c.s.DefaultDepartmentService - Fetching all departments
2025-03-06 17:17:50 [http-nio-8080-exec-4] INFO  c.e.c.s.DefaultDepartmentService - Departments 6 Fetched
2025-03-06 17:17:58 [SpringApplicationShutdownHook] INFO  o.s.b.w.e.tomcat.GracefulShutdown - Commencing graceful shutdown. Waiting for active requests to complete
2025-03-06 17:17:58 [tomcat-shutdown] INFO  o.s.b.w.e.tomcat.GracefulShutdown - Graceful shutdown complete
2025-03-06 17:17:58 [SpringApplicationShutdownHook] INFO  o.s.o.j.LocalContainerEntityManagerFactoryBean - Closing JPA EntityManagerFactory for persistence unit 'default'
2025-03-06 17:17:58 [SpringApplicationShutdownHook] INFO  com.zaxxer.hikari.HikariDataSource - HikariPool-1 - Shutdown initiated...
2025-03-06 17:17:58 [SpringApplicationShutdownHook] INFO  com.zaxxer.hikari.HikariDataSource - HikariPool-1 - Shutdown completed.
2025-03-06 17:18:38 [background-preinit] INFO  o.h.validator.internal.util.Version - HV000001: Hibernate Validator 8.0.2.Final
2025-03-06 17:18:38 [main] INFO  c.e.c.EmployeePayrollApplication - Starting EmployeePayrollApplication using Java 23.0.2 with PID 38816 (C:\Users\prasoon_modi\Desktop\EmployeePayroll\target\classes started by prasoon_modi in C:\Users\prasoon_modi\Desktop\EmployeePayroll)
2025-03-06 17:18:38 [main] DEBUG c.e.c.EmployeePayrollApplication - Running with Spring Boot v3.4.2, Spring v6.2.2
2025-03-06 17:18:38 [main] INFO  c.e.c.EmployeePayrollApplication - No active profile set, falling back to 1 default profile: "default"
2025-03-06 17:18:39 [main] INFO  o.s.d.r.c.RepositoryConfigurationDelegate - Bootstrapping Spring Data JPA repositories in DEFAULT mode.
2025-03-06 17:18:39 [main] INFO  o.s.d.r.c.RepositoryConfigurationDelegate - Finished Spring Data repository scanning in 43 ms. Found 3 JPA repository interfaces.
2025-03-06 17:18:40 [main] INFO  o.s.b.w.e.tomcat.TomcatWebServer - Tomcat initialized with port 8080 (http)
2025-03-06 17:18:40 [main] INFO  o.a.coyote.http11.Http11NioProtocol - Initializing ProtocolHandler ["http-nio-8080"]
2025-03-06 17:18:40 [main] INFO  o.a.catalina.core.StandardService - Starting service [Tomcat]
2025-03-06 17:18:40 [main] INFO  o.a.catalina.core.StandardEngine - Starting Servlet engine: [Apache Tomcat/10.1.34]
2025-03-06 17:18:40 [main] INFO  o.a.c.c.C.[Tomcat].[localhost].[/] - Initializing Spring embedded WebApplicationContext
2025-03-06 17:18:40 [main] INFO  o.s.b.w.s.c.ServletWebServerApplicationContext - Root WebApplicationContext: initialization completed in 1596 ms
2025-03-06 17:18:40 [main] INFO  o.h.jpa.internal.util.LogHelper - HHH000204: Processing PersistenceUnitInfo [name: default]
2025-03-06 17:18:40 [main] INFO  org.hibernate.Version - HHH000412: Hibernate ORM core version 6.6.5.Final
2025-03-06 17:18:40 [main] INFO  o.h.c.i.RegionFactoryInitiator - HHH000026: Second-level cache disabled
2025-03-06 17:18:40 [main] INFO  o.s.o.j.p.SpringPersistenceUnitInfo - No LoadTimeWeaver setup: ignoring JPA class transformer
2025-03-06 17:18:40 [main] INFO  com.zaxxer.hikari.HikariDataSource - HikariPool-1 - Starting...
2025-03-06 17:18:40 [main] INFO  com.zaxxer.hikari.pool.HikariPool - HikariPool-1 - Added connection com.mysql.cj.jdbc.ConnectionImpl@6cc8da1c
2025-03-06 17:18:40 [main] INFO  com.zaxxer.hikari.HikariDataSource - HikariPool-1 - Start completed.
2025-03-06 17:18:40 [main] WARN  org.hibernate.orm.deprecation - HHH90000025: MySQL8Dialect does not need to be specified explicitly using 'hibernate.dialect' (remove the property setting and it will be selected by default)
2025-03-06 17:18:40 [main] WARN  org.hibernate.orm.deprecation - HHH90000026: MySQL8Dialect has been deprecated; use org.hibernate.dialect.MySQLDialect instead
2025-03-06 17:18:40 [main] INFO  o.hibernate.orm.connections.pooling - HHH10001005: Database info:
	Database JDBC URL [Connecting through datasource 'HikariDataSource (HikariPool-1)']
	Database driver: undefined/unknown
	Database version: 8.0
	Autocommit mode: undefined/unknown
	Isolation level: undefined/unknown
	Minimum pool size: undefined/unknown
	Maximum pool size: undefined/unknown
2025-03-06 17:18:41 [main] INFO  o.h.e.t.j.p.i.JtaPlatformInitiator - HHH000489: No JTA platform available (set 'hibernate.transaction.jta.platform' to enable JTA platform integration)
2025-03-06 17:18:41 [main] INFO  o.s.o.j.LocalContainerEntityManagerFactoryBean - Initialized JPA EntityManagerFactory for persistence unit 'default'
2025-03-06 17:18:42 [main] INFO  o.s.d.j.r.query.QueryEnhancerFactory - Hibernate is in classpath; If applicable, HQL parser will be used.
2025-03-06 17:18:42 [main] WARN  o.s.b.a.o.j.JpaBaseConfiguration$JpaWebConfiguration - spring.jpa.open-in-view is enabled by default. Therefore, database queries may be performed during view rendering. Explicitly configure spring.jpa.open-in-view to disable this warning
2025-03-06 17:18:42 [main] INFO  o.s.b.a.w.s.WelcomePageHandlerMapping - Adding welcome page: class path resource [static/index.html]
2025-03-06 17:18:43 [main] INFO  o.a.coyote.http11.Http11NioProtocol - Starting ProtocolHandler ["http-nio-8080"]
2025-03-06 17:18:43 [main] INFO  o.s.b.w.e.tomcat.TomcatWebServer - Tomcat started on port 8080 (http) with context path '/'
2025-03-06 17:18:43 [main] INFO  c.e.c.EmployeePayrollApplication - Started EmployeePayrollApplication in 5.243 seconds (process running for 5.585)
2025-03-06 17:19:16 [http-nio-8080-exec-1] INFO  o.a.c.c.C.[Tomcat].[localhost].[/] - Initializing Spring DispatcherServlet 'dispatcherServlet'
2025-03-06 17:19:16 [http-nio-8080-exec-1] INFO  o.s.web.servlet.DispatcherServlet - Initializing Servlet 'dispatcherServlet'
2025-03-06 17:19:16 [http-nio-8080-exec-1] INFO  o.s.web.servlet.DispatcherServlet - Completed initialization in 1 ms
2025-03-06 17:19:16 [http-nio-8080-exec-1] INFO  c.e.c.c.DepartmentController - Received request to delete department with ID: 10
2025-03-06 17:19:16 [http-nio-8080-exec-1] INFO  c.e.c.s.DefaultDepartmentService - Deleting Department
2025-03-06 17:19:16 [http-nio-8080-exec-1] INFO  c.e.c.s.DefaultDepartmentService - Department deleted
2025-03-06 17:19:32 [http-nio-8080-exec-2] INFO  c.e.c.c.DepartmentController - Received request to fetch all departments
2025-03-06 17:19:32 [http-nio-8080-exec-2] INFO  c.e.c.s.DefaultDepartmentService - Fetching all departments
2025-03-06 17:19:32 [http-nio-8080-exec-2] INFO  c.e.c.s.DefaultDepartmentService - Departments 6 Fetched
2025-03-06 17:20:01 [http-nio-8080-exec-4] INFO  c.e.c.c.DepartmentController - Received request to delete department with ID: 10
2025-03-06 17:20:01 [http-nio-8080-exec-4] INFO  c.e.c.s.DefaultDepartmentService - Deleting Department
2025-03-06 17:20:01 [http-nio-8080-exec-4] INFO  c.e.c.s.DefaultDepartmentService - Department deleted
2025-03-06 17:20:09 [http-nio-8080-exec-5] INFO  c.e.c.c.DepartmentController - Received request to fetch all departments
2025-03-06 17:20:09 [http-nio-8080-exec-5] INFO  c.e.c.s.DefaultDepartmentService - Fetching all departments
2025-03-06 17:20:09 [http-nio-8080-exec-5] INFO  c.e.c.s.DefaultDepartmentService - Departments 6 Fetched
2025-03-06 17:20:37 [SpringApplicationShutdownHook] INFO  o.s.b.w.e.tomcat.GracefulShutdown - Commencing graceful shutdown. Waiting for active requests to complete
2025-03-06 17:20:37 [tomcat-shutdown] INFO  o.s.b.w.e.tomcat.GracefulShutdown - Graceful shutdown complete
2025-03-06 17:20:37 [SpringApplicationShutdownHook] INFO  o.s.o.j.LocalContainerEntityManagerFactoryBean - Closing JPA EntityManagerFactory for persistence unit 'default'
2025-03-06 17:20:37 [SpringApplicationShutdownHook] INFO  com.zaxxer.hikari.HikariDataSource - HikariPool-1 - Shutdown initiated...
2025-03-06 17:20:37 [SpringApplicationShutdownHook] INFO  com.zaxxer.hikari.HikariDataSource - HikariPool-1 - Shutdown completed.
2025-03-06 17:21:57 [background-preinit] INFO  o.h.validator.internal.util.Version - HV000001: Hibernate Validator 8.0.2.Final
2025-03-06 17:21:57 [main] INFO  c.e.c.EmployeePayrollApplication - Starting EmployeePayrollApplication using Java 23.0.2 with PID 20556 (C:\Users\prasoon_modi\Desktop\EmployeePayroll\target\classes started by prasoon_modi in C:\Users\prasoon_modi\Desktop\EmployeePayroll)
2025-03-06 17:21:57 [main] DEBUG c.e.c.EmployeePayrollApplication - Running with Spring Boot v3.4.2, Spring v6.2.2
2025-03-06 17:21:57 [main] INFO  c.e.c.EmployeePayrollApplication - No active profile set, falling back to 1 default profile: "default"
2025-03-06 17:21:58 [main] INFO  o.s.d.r.c.RepositoryConfigurationDelegate - Bootstrapping Spring Data JPA repositories in DEFAULT mode.
2025-03-06 17:21:58 [main] INFO  o.s.d.r.c.RepositoryConfigurationDelegate - Finished Spring Data repository scanning in 40 ms. Found 3 JPA repository interfaces.
2025-03-06 17:21:59 [main] INFO  o.s.b.w.e.tomcat.TomcatWebServer - Tomcat initialized with port 8080 (http)
2025-03-06 17:21:59 [main] INFO  o.a.coyote.http11.Http11NioProtocol - Initializing ProtocolHandler ["http-nio-8080"]
2025-03-06 17:21:59 [main] INFO  o.a.catalina.core.StandardService - Starting service [Tomcat]
2025-03-06 17:21:59 [main] INFO  o.a.catalina.core.StandardEngine - Starting Servlet engine: [Apache Tomcat/10.1.34]
2025-03-06 17:21:59 [main] INFO  o.a.c.c.C.[Tomcat].[localhost].[/] - Initializing Spring embedded WebApplicationContext
2025-03-06 17:21:59 [main] INFO  o.s.b.w.s.c.ServletWebServerApplicationContext - Root WebApplicationContext: initialization completed in 1272 ms
2025-03-06 17:21:59 [main] INFO  o.h.jpa.internal.util.LogHelper - HHH000204: Processing PersistenceUnitInfo [name: default]
2025-03-06 17:21:59 [main] INFO  org.hibernate.Version - HHH000412: Hibernate ORM core version 6.6.5.Final
2025-03-06 17:21:59 [main] INFO  o.h.c.i.RegionFactoryInitiator - HHH000026: Second-level cache disabled
2025-03-06 17:21:59 [main] INFO  o.s.o.j.p.SpringPersistenceUnitInfo - No LoadTimeWeaver setup: ignoring JPA class transformer
2025-03-06 17:21:59 [main] INFO  com.zaxxer.hikari.HikariDataSource - HikariPool-1 - Starting...
2025-03-06 17:22:00 [main] INFO  com.zaxxer.hikari.pool.HikariPool - HikariPool-1 - Added connection com.mysql.cj.jdbc.ConnectionImpl@6e7e0259
2025-03-06 17:22:00 [main] INFO  com.zaxxer.hikari.HikariDataSource - HikariPool-1 - Start completed.
2025-03-06 17:22:00 [main] WARN  org.hibernate.orm.deprecation - HHH90000025: MySQL8Dialect does not need to be specified explicitly using 'hibernate.dialect' (remove the property setting and it will be selected by default)
2025-03-06 17:22:00 [main] WARN  org.hibernate.orm.deprecation - HHH90000026: MySQL8Dialect has been deprecated; use org.hibernate.dialect.MySQLDialect instead
2025-03-06 17:22:00 [main] INFO  o.hibernate.orm.connections.pooling - HHH10001005: Database info:
	Database JDBC URL [Connecting through datasource 'HikariDataSource (HikariPool-1)']
	Database driver: undefined/unknown
	Database version: 8.0
	Autocommit mode: undefined/unknown
	Isolation level: undefined/unknown
	Minimum pool size: undefined/unknown
	Maximum pool size: undefined/unknown
2025-03-06 17:22:00 [main] INFO  o.h.e.t.j.p.i.JtaPlatformInitiator - HHH000489: No JTA platform available (set 'hibernate.transaction.jta.platform' to enable JTA platform integration)
2025-03-06 17:22:00 [main] INFO  o.s.o.j.LocalContainerEntityManagerFactoryBean - Initialized JPA EntityManagerFactory for persistence unit 'default'
2025-03-06 17:22:01 [main] INFO  o.s.d.j.r.query.QueryEnhancerFactory - Hibernate is in classpath; If applicable, HQL parser will be used.
2025-03-06 17:22:01 [main] WARN  o.s.b.a.o.j.JpaBaseConfiguration$JpaWebConfiguration - spring.jpa.open-in-view is enabled by default. Therefore, database queries may be performed during view rendering. Explicitly configure spring.jpa.open-in-view to disable this warning
2025-03-06 17:22:02 [main] INFO  o.s.b.a.w.s.WelcomePageHandlerMapping - Adding welcome page: class path resource [static/index.html]
2025-03-06 17:22:02 [main] INFO  o.a.coyote.http11.Http11NioProtocol - Starting ProtocolHandler ["http-nio-8080"]
2025-03-06 17:22:02 [main] INFO  o.s.b.w.e.tomcat.TomcatWebServer - Tomcat started on port 8080 (http) with context path '/'
2025-03-06 17:22:02 [main] INFO  c.e.c.EmployeePayrollApplication - Started EmployeePayrollApplication in 5.321 seconds (process running for 5.673)
2025-03-06 17:22:07 [http-nio-8080-exec-1] INFO  o.a.c.c.C.[Tomcat].[localhost].[/] - Initializing Spring DispatcherServlet 'dispatcherServlet'
2025-03-06 17:22:07 [http-nio-8080-exec-1] INFO  o.s.web.servlet.DispatcherServlet - Initializing Servlet 'dispatcherServlet'
2025-03-06 17:22:07 [http-nio-8080-exec-1] INFO  o.s.web.servlet.DispatcherServlet - Completed initialization in 0 ms
2025-03-06 17:22:07 [http-nio-8080-exec-1] INFO  c.e.c.c.DepartmentController - Received request to fetch all departments
2025-03-06 17:22:07 [http-nio-8080-exec-1] INFO  c.e.c.s.DefaultDepartmentService - Fetching all departments
2025-03-06 17:22:07 [http-nio-8080-exec-1] INFO  c.e.c.s.DefaultDepartmentService - Departments 6 Fetched
2025-03-06 17:22:10 [http-nio-8080-exec-3] INFO  c.e.c.c.DepartmentController - Received request to delete department with ID: 10
2025-03-06 17:22:10 [http-nio-8080-exec-3] INFO  c.e.c.s.DefaultDepartmentService - Deleting Department
2025-03-06 17:22:10 [http-nio-8080-exec-3] ERROR c.e.c.e.GlobalExceptionHandler - Department not found: Department Does not exist
com.epam.campus.exception.DepartmentNotFoundException: Department Does not exist
	at com.epam.campus.service.DefaultDepartmentService.lambda$deleteDepartment$0(DefaultDepartmentService.java:47)
	at java.base/java.util.Optional.orElseThrow(Optional.java:403)
	at com.epam.campus.service.DefaultDepartmentService.deleteDepartment(DefaultDepartmentService.java:47)
	at com.epam.campus.controller.DepartmentController.deleteDepartment(DepartmentController.java:44)
	at java.base/jdk.internal.reflect.DirectMethodHandleAccessor.invoke(DirectMethodHandleAccessor.java:103)
	at java.base/java.lang.reflect.Method.invoke(Method.java:580)
	at org.springframework.web.method.support.InvocableHandlerMethod.doInvoke(InvocableHandlerMethod.java:257)
	at org.springframework.web.method.support.InvocableHandlerMethod.invokeForRequest(InvocableHandlerMethod.java:190)
	at org.springframework.web.servlet.mvc.method.annotation.ServletInvocableHandlerMethod.invokeAndHandle(ServletInvocableHandlerMethod.java:118)
	at org.springframework.web.servlet.mvc.method.annotation.RequestMappingHandlerAdapter.invokeHandlerMethod(RequestMappingHandlerAdapter.java:986)
	at org.springframework.web.servlet.mvc.method.annotation.RequestMappingHandlerAdapter.handleInternal(RequestMappingHandlerAdapter.java:891)
	at org.springframework.web.servlet.mvc.method.AbstractHandlerMethodAdapter.handle(AbstractHandlerMethodAdapter.java:87)
	at org.springframework.web.servlet.DispatcherServlet.doDispatch(DispatcherServlet.java:1088)
	at org.springframework.web.servlet.DispatcherServlet.doService(DispatcherServlet.java:978)
	at org.springframework.web.servlet.FrameworkServlet.processRequest(FrameworkServlet.java:1014)
	at org.springframework.web.servlet.FrameworkServlet.doDelete(FrameworkServlet.java:936)
	at jakarta.servlet.http.HttpServlet.service(HttpServlet.java:596)
	at org.springframework.web.servlet.FrameworkServlet.service(FrameworkServlet.java:885)
	at jakarta.servlet.http.HttpServlet.service(HttpServlet.java:658)
	at org.apache.catalina.core.ApplicationFilterChain.internalDoFilter(ApplicationFilterChain.java:195)
	at org.apache.catalina.core.ApplicationFilterChain.doFilter(ApplicationFilterChain.java:140)
	at org.apache.tomcat.websocket.server.WsFilter.doFilter(WsFilter.java:51)
	at org.apache.catalina.core.ApplicationFilterChain.internalDoFilter(ApplicationFilterChain.java:164)
	at org.apache.catalina.core.ApplicationFilterChain.doFilter(ApplicationFilterChain.java:140)
	at org.springframework.web.filter.RequestContextFilter.doFilterInternal(RequestContextFilter.java:100)
	at org.springframework.web.filter.OncePerRequestFilter.doFilter(OncePerRequestFilter.java:116)
	at org.apache.catalina.core.ApplicationFilterChain.internalDoFilter(ApplicationFilterChain.java:164)
	at org.apache.catalina.core.ApplicationFilterChain.doFilter(ApplicationFilterChain.java:140)
	at org.springframework.web.filter.FormContentFilter.doFilterInternal(FormContentFilter.java:93)
	at org.springframework.web.filter.OncePerRequestFilter.doFilter(OncePerRequestFilter.java:116)
	at org.apache.catalina.core.ApplicationFilterChain.internalDoFilter(ApplicationFilterChain.java:164)
	at org.apache.catalina.core.ApplicationFilterChain.doFilter(ApplicationFilterChain.java:140)
	at org.springframework.web.filter.CharacterEncodingFilter.doFilterInternal(CharacterEncodingFilter.java:201)
	at org.springframework.web.filter.OncePerRequestFilter.doFilter(OncePerRequestFilter.java:116)
	at org.apache.catalina.core.ApplicationFilterChain.internalDoFilter(ApplicationFilterChain.java:164)
	at org.apache.catalina.core.ApplicationFilterChain.doFilter(ApplicationFilterChain.java:140)
	at org.apache.catalina.core.StandardWrapperValve.invoke(StandardWrapperValve.java:167)
	at org.apache.catalina.core.StandardContextValve.invoke(StandardContextValve.java:90)
	at org.apache.catalina.authenticator.AuthenticatorBase.invoke(AuthenticatorBase.java:483)
	at org.apache.catalina.core.StandardHostValve.invoke(StandardHostValve.java:115)
	at org.apache.catalina.valves.ErrorReportValve.invoke(ErrorReportValve.java:93)
	at org.apache.catalina.core.StandardEngineValve.invoke(StandardEngineValve.java:74)
	at org.apache.catalina.connector.CoyoteAdapter.service(CoyoteAdapter.java:344)
	at org.apache.coyote.http11.Http11Processor.service(Http11Processor.java:397)
	at org.apache.coyote.AbstractProcessorLight.process(AbstractProcessorLight.java:63)
	at org.apache.coyote.AbstractProtocol$ConnectionHandler.process(AbstractProtocol.java:905)
	at org.apache.tomcat.util.net.NioEndpoint$SocketProcessor.doRun(NioEndpoint.java:1741)
	at org.apache.tomcat.util.net.SocketProcessorBase.run(SocketProcessorBase.java:52)
	at org.apache.tomcat.util.threads.ThreadPoolExecutor.runWorker(ThreadPoolExecutor.java:1190)
	at org.apache.tomcat.util.threads.ThreadPoolExecutor$Worker.run(ThreadPoolExecutor.java:659)
	at org.apache.tomcat.util.threads.TaskThread$WrappingRunnable.run(TaskThread.java:63)
	at java.base/java.lang.Thread.run(Thread.java:1575)
2025-03-06 17:22:19 [SpringApplicationShutdownHook] INFO  o.s.b.w.e.tomcat.GracefulShutdown - Commencing graceful shutdown. Waiting for active requests to complete
2025-03-06 17:22:19 [tomcat-shutdown] INFO  o.s.b.w.e.tomcat.GracefulShutdown - Graceful shutdown complete
2025-03-06 17:22:19 [SpringApplicationShutdownHook] INFO  o.s.o.j.LocalContainerEntityManagerFactoryBean - Closing JPA EntityManagerFactory for persistence unit 'default'
2025-03-06 17:22:19 [SpringApplicationShutdownHook] INFO  com.zaxxer.hikari.HikariDataSource - HikariPool-1 - Shutdown initiated...
2025-03-06 17:22:19 [SpringApplicationShutdownHook] INFO  com.zaxxer.hikari.HikariDataSource - HikariPool-1 - Shutdown completed.
2025-03-06 20:04:25 [background-preinit] INFO  o.h.validator.internal.util.Version - HV000001: Hibernate Validator 8.0.2.Final
2025-03-06 20:04:26 [main] INFO  c.e.c.EmployeePayrollApplication - Starting EmployeePayrollApplication using Java 23.0.2 with PID 23720 (C:\Users\prasoon_modi\Desktop\EmployeePayroll\target\classes started by prasoon_modi in C:\Users\prasoon_modi\Desktop\EmployeePayroll)
2025-03-06 20:04:26 [main] DEBUG c.e.c.EmployeePayrollApplication - Running with Spring Boot v3.4.2, Spring v6.2.2
2025-03-06 20:04:26 [main] INFO  c.e.c.EmployeePayrollApplication - No active profile set, falling back to 1 default profile: "default"
2025-03-06 20:04:27 [main] INFO  o.s.d.r.c.RepositoryConfigurationDelegate - Bootstrapping Spring Data JPA repositories in DEFAULT mode.
2025-03-06 20:04:27 [main] INFO  o.s.d.r.c.RepositoryConfigurationDelegate - Finished Spring Data repository scanning in 81 ms. Found 3 JPA repository interfaces.
2025-03-06 20:04:28 [main] INFO  o.s.b.w.e.tomcat.TomcatWebServer - Tomcat initialized with port 8080 (http)
2025-03-06 20:04:28 [main] INFO  o.a.coyote.http11.Http11NioProtocol - Initializing ProtocolHandler ["http-nio-8080"]
2025-03-06 20:04:28 [main] INFO  o.a.catalina.core.StandardService - Starting service [Tomcat]
2025-03-06 20:04:28 [main] INFO  o.a.catalina.core.StandardEngine - Starting Servlet engine: [Apache Tomcat/10.1.34]
2025-03-06 20:04:28 [main] INFO  o.a.c.c.C.[Tomcat].[localhost].[/] - Initializing Spring embedded WebApplicationContext
2025-03-06 20:04:28 [main] INFO  o.s.b.w.s.c.ServletWebServerApplicationContext - Root WebApplicationContext: initialization completed in 2375 ms
2025-03-06 20:04:28 [main] INFO  o.h.jpa.internal.util.LogHelper - HHH000204: Processing PersistenceUnitInfo [name: default]
2025-03-06 20:04:28 [main] INFO  org.hibernate.Version - HHH000412: Hibernate ORM core version 6.6.5.Final
2025-03-06 20:04:28 [main] INFO  o.h.c.i.RegionFactoryInitiator - HHH000026: Second-level cache disabled
2025-03-06 20:04:29 [main] INFO  o.s.o.j.p.SpringPersistenceUnitInfo - No LoadTimeWeaver setup: ignoring JPA class transformer
2025-03-06 20:04:29 [main] INFO  com.zaxxer.hikari.HikariDataSource - HikariPool-1 - Starting...
2025-03-06 20:04:29 [main] INFO  com.zaxxer.hikari.pool.HikariPool - HikariPool-1 - Added connection com.mysql.cj.jdbc.ConnectionImpl@40a8a26f
2025-03-06 20:04:29 [main] INFO  com.zaxxer.hikari.HikariDataSource - HikariPool-1 - Start completed.
2025-03-06 20:04:30 [main] WARN  org.hibernate.orm.deprecation - HHH90000025: MySQL8Dialect does not need to be specified explicitly using 'hibernate.dialect' (remove the property setting and it will be selected by default)
2025-03-06 20:04:30 [main] WARN  org.hibernate.orm.deprecation - HHH90000026: MySQL8Dialect has been deprecated; use org.hibernate.dialect.MySQLDialect instead
2025-03-06 20:04:30 [main] INFO  o.hibernate.orm.connections.pooling - HHH10001005: Database info:
	Database JDBC URL [Connecting through datasource 'HikariDataSource (HikariPool-1)']
	Database driver: undefined/unknown
	Database version: 8.0
	Autocommit mode: undefined/unknown
	Isolation level: undefined/unknown
	Minimum pool size: undefined/unknown
	Maximum pool size: undefined/unknown
2025-03-06 20:04:32 [main] INFO  o.h.e.t.j.p.i.JtaPlatformInitiator - HHH000489: No JTA platform available (set 'hibernate.transaction.jta.platform' to enable JTA platform integration)
2025-03-06 20:04:32 [main] INFO  o.s.o.j.LocalContainerEntityManagerFactoryBean - Initialized JPA EntityManagerFactory for persistence unit 'default'
2025-03-06 20:04:32 [main] INFO  o.s.d.j.r.query.QueryEnhancerFactory - Hibernate is in classpath; If applicable, HQL parser will be used.
2025-03-06 20:04:34 [main] WARN  o.s.b.a.o.j.JpaBaseConfiguration$JpaWebConfiguration - spring.jpa.open-in-view is enabled by default. Therefore, database queries may be performed during view rendering. Explicitly configure spring.jpa.open-in-view to disable this warning
2025-03-06 20:04:34 [main] INFO  o.s.b.a.w.s.WelcomePageHandlerMapping - Adding welcome page: class path resource [static/index.html]
2025-03-06 20:04:35 [main] INFO  o.a.coyote.http11.Http11NioProtocol - Starting ProtocolHandler ["http-nio-8080"]
2025-03-06 20:04:35 [main] INFO  o.s.b.w.e.tomcat.TomcatWebServer - Tomcat started on port 8080 (http) with context path '/'
2025-03-06 20:04:35 [main] INFO  c.e.c.EmployeePayrollApplication - Started EmployeePayrollApplication in 10.148 seconds (process running for 10.714)
2025-03-06 20:04:53 [SpringApplicationShutdownHook] INFO  o.s.b.w.e.tomcat.GracefulShutdown - Commencing graceful shutdown. Waiting for active requests to complete
2025-03-06 20:04:53 [tomcat-shutdown] INFO  o.s.b.w.e.tomcat.GracefulShutdown - Graceful shutdown complete
2025-03-06 20:04:53 [SpringApplicationShutdownHook] INFO  o.s.o.j.LocalContainerEntityManagerFactoryBean - Closing JPA EntityManagerFactory for persistence unit 'default'
2025-03-06 20:04:53 [SpringApplicationShutdownHook] INFO  com.zaxxer.hikari.HikariDataSource - HikariPool-1 - Shutdown initiated...
2025-03-06 20:04:53 [SpringApplicationShutdownHook] INFO  com.zaxxer.hikari.HikariDataSource - HikariPool-1 - Shutdown completed.
2025-03-10 11:28:39 [background-preinit] INFO  o.h.validator.internal.util.Version - HV000001: Hibernate Validator 8.0.2.Final
2025-03-10 11:28:39 [main] INFO  c.e.c.EmployeePayrollApplication - Starting EmployeePayrollApplication using Java 23.0.2 with PID 30608 (C:\Users\prasoon_modi\Desktop\EmployeePayroll\target\classes started by prasoon_modi in C:\Users\prasoon_modi\Desktop\EmployeePayroll)
2025-03-10 11:28:39 [main] DEBUG c.e.c.EmployeePayrollApplication - Running with Spring Boot v3.4.2, Spring v6.2.2
2025-03-10 11:28:39 [main] INFO  c.e.c.EmployeePayrollApplication - No active profile set, falling back to 1 default profile: "default"
2025-03-10 11:28:40 [main] INFO  o.s.d.r.c.RepositoryConfigurationDelegate - Bootstrapping Spring Data JPA repositories in DEFAULT mode.
2025-03-10 11:28:40 [main] INFO  o.s.d.r.c.RepositoryConfigurationDelegate - Finished Spring Data repository scanning in 68 ms. Found 3 JPA repository interfaces.
2025-03-10 11:28:41 [main] INFO  o.s.b.w.e.tomcat.TomcatWebServer - Tomcat initialized with port 8080 (http)
2025-03-10 11:28:41 [main] INFO  o.a.coyote.http11.Http11NioProtocol - Initializing ProtocolHandler ["http-nio-8080"]
2025-03-10 11:28:41 [main] INFO  o.a.catalina.core.StandardService - Starting service [Tomcat]
2025-03-10 11:28:41 [main] INFO  o.a.catalina.core.StandardEngine - Starting Servlet engine: [Apache Tomcat/10.1.34]
2025-03-10 11:28:41 [main] INFO  o.a.c.c.C.[Tomcat].[localhost].[/] - Initializing Spring embedded WebApplicationContext
2025-03-10 11:28:41 [main] INFO  o.s.b.w.s.c.ServletWebServerApplicationContext - Root WebApplicationContext: initialization completed in 2513 ms
2025-03-10 11:28:42 [main] INFO  o.h.jpa.internal.util.LogHelper - HHH000204: Processing PersistenceUnitInfo [name: default]
2025-03-10 11:28:42 [main] INFO  org.hibernate.Version - HHH000412: Hibernate ORM core version 6.6.5.Final
2025-03-10 11:28:42 [main] INFO  o.h.c.i.RegionFactoryInitiator - HHH000026: Second-level cache disabled
2025-03-10 11:28:42 [main] INFO  o.s.o.j.p.SpringPersistenceUnitInfo - No LoadTimeWeaver setup: ignoring JPA class transformer
2025-03-10 11:28:42 [main] INFO  com.zaxxer.hikari.HikariDataSource - HikariPool-1 - Starting...
2025-03-10 11:28:43 [main] INFO  com.zaxxer.hikari.pool.HikariPool - HikariPool-1 - Added connection com.mysql.cj.jdbc.ConnectionImpl@39a3984c
2025-03-10 11:28:43 [main] INFO  com.zaxxer.hikari.HikariDataSource - HikariPool-1 - Start completed.
2025-03-10 11:28:43 [main] WARN  org.hibernate.orm.deprecation - HHH90000025: MySQL8Dialect does not need to be specified explicitly using 'hibernate.dialect' (remove the property setting and it will be selected by default)
2025-03-10 11:28:43 [main] WARN  org.hibernate.orm.deprecation - HHH90000026: MySQL8Dialect has been deprecated; use org.hibernate.dialect.MySQLDialect instead
2025-03-10 11:28:43 [main] INFO  o.hibernate.orm.connections.pooling - HHH10001005: Database info:
	Database JDBC URL [Connecting through datasource 'HikariDataSource (HikariPool-1)']
	Database driver: undefined/unknown
	Database version: 8.0
	Autocommit mode: undefined/unknown
	Isolation level: undefined/unknown
	Minimum pool size: undefined/unknown
	Maximum pool size: undefined/unknown
2025-03-10 11:28:44 [main] INFO  o.h.e.t.j.p.i.JtaPlatformInitiator - HHH000489: No JTA platform available (set 'hibernate.transaction.jta.platform' to enable JTA platform integration)
2025-03-10 11:28:45 [main] INFO  o.s.o.j.LocalContainerEntityManagerFactoryBean - Initialized JPA EntityManagerFactory for persistence unit 'default'
2025-03-10 11:28:45 [main] INFO  o.s.d.j.r.query.QueryEnhancerFactory - Hibernate is in classpath; If applicable, HQL parser will be used.
2025-03-10 11:28:46 [main] WARN  o.s.b.a.o.j.JpaBaseConfiguration$JpaWebConfiguration - spring.jpa.open-in-view is enabled by default. Therefore, database queries may be performed during view rendering. Explicitly configure spring.jpa.open-in-view to disable this warning
2025-03-10 11:28:46 [main] INFO  o.s.b.a.w.s.WelcomePageHandlerMapping - Adding welcome page: class path resource [static/index.html]
2025-03-10 11:28:47 [main] INFO  o.a.coyote.http11.Http11NioProtocol - Starting ProtocolHandler ["http-nio-8080"]
2025-03-10 11:28:47 [main] INFO  o.s.b.w.e.tomcat.TomcatWebServer - Tomcat started on port 8080 (http) with context path '/'
2025-03-10 11:28:47 [main] INFO  c.e.c.EmployeePayrollApplication - Started EmployeePayrollApplication in 9.295 seconds (process running for 9.902)
2025-03-10 11:29:01 [SpringApplicationShutdownHook] INFO  o.s.b.w.e.tomcat.GracefulShutdown - Commencing graceful shutdown. Waiting for active requests to complete
2025-03-10 11:29:01 [tomcat-shutdown] INFO  o.s.b.w.e.tomcat.GracefulShutdown - Graceful shutdown complete
2025-03-10 11:29:01 [SpringApplicationShutdownHook] INFO  o.s.o.j.LocalContainerEntityManagerFactoryBean - Closing JPA EntityManagerFactory for persistence unit 'default'
2025-03-10 11:29:01 [SpringApplicationShutdownHook] INFO  com.zaxxer.hikari.HikariDataSource - HikariPool-1 - Shutdown initiated...
2025-03-10 11:29:01 [SpringApplicationShutdownHook] INFO  com.zaxxer.hikari.HikariDataSource - HikariPool-1 - Shutdown completed.
2025-03-10 11:29:18 [background-preinit] INFO  o.h.validator.internal.util.Version - HV000001: Hibernate Validator 8.0.2.Final
2025-03-10 11:29:18 [main] INFO  c.e.c.EmployeePayrollApplication - Starting EmployeePayrollApplication using Java 23.0.2 with PID 21444 (C:\Users\prasoon_modi\Desktop\EmployeePayroll\target\classes started by prasoon_modi in C:\Users\prasoon_modi\Desktop\EmployeePayroll)
2025-03-10 11:29:18 [main] DEBUG c.e.c.EmployeePayrollApplication - Running with Spring Boot v3.4.2, Spring v6.2.2
2025-03-10 11:29:18 [main] INFO  c.e.c.EmployeePayrollApplication - No active profile set, falling back to 1 default profile: "default"
2025-03-10 11:29:19 [main] INFO  o.s.d.r.c.RepositoryConfigurationDelegate - Bootstrapping Spring Data JPA repositories in DEFAULT mode.
2025-03-10 11:29:19 [main] INFO  o.s.d.r.c.RepositoryConfigurationDelegate - Finished Spring Data repository scanning in 68 ms. Found 3 JPA repository interfaces.
2025-03-10 11:29:20 [main] INFO  o.s.b.w.e.tomcat.TomcatWebServer - Tomcat initialized with port 8080 (http)
2025-03-10 11:29:20 [main] INFO  o.a.coyote.http11.Http11NioProtocol - Initializing ProtocolHandler ["http-nio-8080"]
2025-03-10 11:29:20 [main] INFO  o.a.catalina.core.StandardService - Starting service [Tomcat]
2025-03-10 11:29:20 [main] INFO  o.a.catalina.core.StandardEngine - Starting Servlet engine: [Apache Tomcat/10.1.34]
2025-03-10 11:29:20 [main] INFO  o.a.c.c.C.[Tomcat].[localhost].[/] - Initializing Spring embedded WebApplicationContext
2025-03-10 11:29:20 [main] INFO  o.s.b.w.s.c.ServletWebServerApplicationContext - Root WebApplicationContext: initialization completed in 1990 ms
2025-03-10 11:29:20 [main] INFO  o.h.jpa.internal.util.LogHelper - HHH000204: Processing PersistenceUnitInfo [name: default]
2025-03-10 11:29:20 [main] INFO  org.hibernate.Version - HHH000412: Hibernate ORM core version 6.6.5.Final
2025-03-10 11:29:20 [main] INFO  o.h.c.i.RegionFactoryInitiator - HHH000026: Second-level cache disabled
2025-03-10 11:29:21 [main] INFO  o.s.o.j.p.SpringPersistenceUnitInfo - No LoadTimeWeaver setup: ignoring JPA class transformer
2025-03-10 11:29:21 [main] INFO  com.zaxxer.hikari.HikariDataSource - HikariPool-1 - Starting...
2025-03-10 11:29:21 [main] INFO  com.zaxxer.hikari.pool.HikariPool - HikariPool-1 - Added connection com.mysql.cj.jdbc.ConnectionImpl@4404a6b
2025-03-10 11:29:21 [main] INFO  com.zaxxer.hikari.HikariDataSource - HikariPool-1 - Start completed.
2025-03-10 11:29:21 [main] WARN  org.hibernate.orm.deprecation - HHH90000025: MySQL8Dialect does not need to be specified explicitly using 'hibernate.dialect' (remove the property setting and it will be selected by default)
2025-03-10 11:29:21 [main] WARN  org.hibernate.orm.deprecation - HHH90000026: MySQL8Dialect has been deprecated; use org.hibernate.dialect.MySQLDialect instead
2025-03-10 11:29:21 [main] INFO  o.hibernate.orm.connections.pooling - HHH10001005: Database info:
	Database JDBC URL [Connecting through datasource 'HikariDataSource (HikariPool-1)']
	Database driver: undefined/unknown
	Database version: 8.0
	Autocommit mode: undefined/unknown
	Isolation level: undefined/unknown
	Minimum pool size: undefined/unknown
	Maximum pool size: undefined/unknown
2025-03-10 11:29:22 [main] INFO  o.h.e.t.j.p.i.JtaPlatformInitiator - HHH000489: No JTA platform available (set 'hibernate.transaction.jta.platform' to enable JTA platform integration)
2025-03-10 11:29:22 [main] INFO  o.s.o.j.LocalContainerEntityManagerFactoryBean - Initialized JPA EntityManagerFactory for persistence unit 'default'
2025-03-10 11:29:23 [main] INFO  o.s.d.j.r.query.QueryEnhancerFactory - Hibernate is in classpath; If applicable, HQL parser will be used.
2025-03-10 11:29:24 [main] WARN  o.s.b.a.o.j.JpaBaseConfiguration$JpaWebConfiguration - spring.jpa.open-in-view is enabled by default. Therefore, database queries may be performed during view rendering. Explicitly configure spring.jpa.open-in-view to disable this warning
2025-03-10 11:29:24 [main] INFO  o.s.b.a.w.s.WelcomePageHandlerMapping - Adding welcome page: class path resource [static/index.html]
2025-03-10 11:29:25 [main] INFO  o.a.coyote.http11.Http11NioProtocol - Starting ProtocolHandler ["http-nio-8080"]
2025-03-10 11:29:25 [main] INFO  o.s.b.w.e.tomcat.TomcatWebServer - Tomcat started on port 8080 (http) with context path '/'
2025-03-10 11:29:25 [main] INFO  c.e.c.EmployeePayrollApplication - Started EmployeePayrollApplication in 8.017 seconds (process running for 8.659)
2025-03-10 11:29:53 [http-nio-8080-exec-2] INFO  o.a.c.c.C.[Tomcat].[localhost].[/] - Initializing Spring DispatcherServlet 'dispatcherServlet'
2025-03-10 11:29:53 [http-nio-8080-exec-2] INFO  o.s.web.servlet.DispatcherServlet - Initializing Servlet 'dispatcherServlet'
2025-03-10 11:29:53 [http-nio-8080-exec-2] INFO  o.s.web.servlet.DispatcherServlet - Completed initialization in 0 ms
2025-03-10 11:29:53 [http-nio-8080-exec-2] INFO  c.e.c.controller.EmployeeController - Received request to fetch all employees
2025-03-10 11:29:53 [http-nio-8080-exec-2] INFO  c.e.c.service.DefaultEmployeeService - Fetching all employees
2025-03-10 11:29:53 [http-nio-8080-exec-2] INFO  c.e.c.service.DefaultEmployeeService - Employees 11 fetched
2025-03-10 11:30:05 [http-nio-8080-exec-3] INFO  c.e.c.c.DepartmentController - Received request to fetch all departments
2025-03-10 11:30:05 [http-nio-8080-exec-3] INFO  c.e.c.s.DefaultDepartmentService - Fetching all departments
2025-03-10 11:30:05 [http-nio-8080-exec-3] INFO  c.e.c.s.DefaultDepartmentService - Departments 6 Fetched
2025-03-10 11:34:05 [SpringApplicationShutdownHook] INFO  o.s.b.w.e.tomcat.GracefulShutdown - Commencing graceful shutdown. Waiting for active requests to complete
2025-03-10 11:34:05 [tomcat-shutdown] INFO  o.s.b.w.e.tomcat.GracefulShutdown - Graceful shutdown complete
2025-03-10 11:34:05 [SpringApplicationShutdownHook] INFO  o.s.o.j.LocalContainerEntityManagerFactoryBean - Closing JPA EntityManagerFactory for persistence unit 'default'
2025-03-10 11:34:05 [SpringApplicationShutdownHook] INFO  com.zaxxer.hikari.HikariDataSource - HikariPool-1 - Shutdown initiated...
2025-03-10 11:34:05 [SpringApplicationShutdownHook] INFO  com.zaxxer.hikari.HikariDataSource - HikariPool-1 - Shutdown completed.
2025-03-12 23:48:15 [background-preinit] INFO  o.h.validator.internal.util.Version - HV000001: Hibernate Validator 8.0.2.Final
2025-03-12 23:48:15 [main] INFO  c.e.c.service.EmployeeServiceTest - Starting EmployeeServiceTest using Java 23.0.2 with PID 6880 (started by prasoon_modi in C:\Users\prasoon_modi\Desktop\EmployeePayroll)
2025-03-12 23:48:15 [main] DEBUG c.e.c.service.EmployeeServiceTest - Running with Spring Boot v3.4.2, Spring v6.2.2
2025-03-12 23:48:15 [main] INFO  c.e.c.service.EmployeeServiceTest - No active profile set, falling back to 1 default profile: "default"
2025-03-12 23:48:16 [main] INFO  o.s.d.r.c.RepositoryConfigurationDelegate - Bootstrapping Spring Data JPA repositories in DEFAULT mode.
2025-03-12 23:48:16 [main] INFO  o.s.d.r.c.RepositoryConfigurationDelegate - Finished Spring Data repository scanning in 105 ms. Found 3 JPA repository interfaces.
2025-03-12 23:48:18 [main] INFO  o.h.jpa.internal.util.LogHelper - HHH000204: Processing PersistenceUnitInfo [name: default]
2025-03-12 23:48:19 [main] INFO  org.hibernate.Version - HHH000412: Hibernate ORM core version 6.6.5.Final
2025-03-12 23:48:19 [main] INFO  o.h.c.i.RegionFactoryInitiator - HHH000026: Second-level cache disabled
2025-03-12 23:48:19 [main] INFO  o.s.o.j.p.SpringPersistenceUnitInfo - No LoadTimeWeaver setup: ignoring JPA class transformer
2025-03-12 23:48:19 [main] INFO  com.zaxxer.hikari.HikariDataSource - HikariPool-1 - Starting...
2025-03-12 23:48:20 [main] INFO  com.zaxxer.hikari.pool.HikariPool - HikariPool-1 - Added connection com.mysql.cj.jdbc.ConnectionImpl@391e5ffa
2025-03-12 23:48:20 [main] INFO  com.zaxxer.hikari.HikariDataSource - HikariPool-1 - Start completed.
2025-03-12 23:48:20 [main] WARN  org.hibernate.orm.deprecation - HHH90000025: MySQL8Dialect does not need to be specified explicitly using 'hibernate.dialect' (remove the property setting and it will be selected by default)
2025-03-12 23:48:20 [main] WARN  org.hibernate.orm.deprecation - HHH90000026: MySQL8Dialect has been deprecated; use org.hibernate.dialect.MySQLDialect instead
2025-03-12 23:48:20 [main] INFO  o.hibernate.orm.connections.pooling - HHH10001005: Database info:
	Database JDBC URL [Connecting through datasource 'HikariDataSource (HikariPool-1)']
	Database driver: undefined/unknown
	Database version: 8.0
	Autocommit mode: undefined/unknown
	Isolation level: undefined/unknown
	Minimum pool size: undefined/unknown
	Maximum pool size: undefined/unknown
2025-03-12 23:48:21 [main] INFO  o.h.e.t.j.p.i.JtaPlatformInitiator - HHH000489: No JTA platform available (set 'hibernate.transaction.jta.platform' to enable JTA platform integration)
2025-03-12 23:48:21 [main] INFO  o.s.o.j.LocalContainerEntityManagerFactoryBean - Initialized JPA EntityManagerFactory for persistence unit 'default'
2025-03-12 23:48:22 [main] WARN  o.s.b.a.o.j.JpaBaseConfiguration$JpaWebConfiguration - spring.jpa.open-in-view is enabled by default. Therefore, database queries may be performed during view rendering. Explicitly configure spring.jpa.open-in-view to disable this warning
2025-03-12 23:48:22 [main] INFO  o.s.b.a.w.s.WelcomePageHandlerMapping - Adding welcome page: class path resource [static/index.html]
2025-03-12 23:48:23 [main] INFO  c.e.c.service.EmployeeServiceTest - Started EmployeeServiceTest in 8.837 seconds (process running for 10.746)
2025-03-12 23:48:23 [main] INFO  c.e.c.service.DefaultEmployeeService - Deleting Employee
2025-03-12 23:48:23 [main] INFO  c.e.c.service.DefaultEmployeeService - Employee Deleted
2025-03-12 23:48:23 [main] INFO  c.e.c.service.DefaultEmployeeService - Fetching Employees by months
2025-03-12 23:48:23 [main] INFO  c.e.c.service.DefaultEmployeeService - Fetching all employees
2025-03-12 23:48:23 [main] INFO  c.e.c.service.DefaultEmployeeService - Employees 1 fetched
2025-03-12 23:48:23 [main] INFO  c.e.c.service.DefaultEmployeeService - Fetched Employees 1 by months
2025-03-12 23:48:23 [main] INFO  c.e.c.service.DefaultEmployeeService - Adding Employee
2025-03-12 23:48:23 [main] INFO  c.e.c.service.DefaultEmployeeService - Employee Added
2025-03-12 23:48:23 [main] INFO  c.e.c.service.DefaultEmployeeService - Fetching employee
2025-03-12 23:48:23 [main] INFO  c.e.c.service.DefaultEmployeeService - Employee fetched
2025-03-12 23:48:23 [main] INFO  c.e.c.service.DefaultEmployeeService - Adding Employee
2025-03-12 23:48:23 [main] INFO  c.e.c.service.DefaultEmployeeService - Fetching employee
2025-03-12 23:48:23 [main] INFO  c.e.c.service.DefaultEmployeeService - Adding Employee
2025-03-12 23:48:23 [main] INFO  c.e.c.service.DefaultEmployeeService - Updating Employee
2025-03-12 23:48:23 [main] INFO  c.e.c.service.DefaultEmployeeService - Employee updated
2025-03-12 23:48:23 [main] INFO  c.e.c.service.DefaultEmployeeService - Fetching all employees
2025-03-12 23:48:23 [main] INFO  c.e.c.service.DefaultEmployeeService - Employees 1 fetched
2025-03-12 23:48:23 [SpringApplicationShutdownHook] INFO  o.s.o.j.LocalContainerEntityManagerFactoryBean - Closing JPA EntityManagerFactory for persistence unit 'default'
2025-03-12 23:48:23 [SpringApplicationShutdownHook] INFO  com.zaxxer.hikari.HikariDataSource - HikariPool-1 - Shutdown initiated...
2025-03-12 23:48:23 [SpringApplicationShutdownHook] INFO  com.zaxxer.hikari.HikariDataSource - HikariPool-1 - Shutdown completed.
2025-03-13 00:07:13 [background-preinit] INFO  o.h.validator.internal.util.Version - HV000001: Hibernate Validator 8.0.2.Final
2025-03-13 00:07:13 [main] INFO  c.e.campus.service.SalaryServiceTest - Starting SalaryServiceTest using Java 23.0.2 with PID 19968 (started by prasoon_modi in C:\Users\prasoon_modi\Desktop\EmployeePayroll)
2025-03-13 00:07:13 [main] DEBUG c.e.campus.service.SalaryServiceTest - Running with Spring Boot v3.4.2, Spring v6.2.2
2025-03-13 00:07:13 [main] INFO  c.e.campus.service.SalaryServiceTest - No active profile set, falling back to 1 default profile: "default"
2025-03-13 00:07:14 [main] INFO  o.s.d.r.c.RepositoryConfigurationDelegate - Bootstrapping Spring Data JPA repositories in DEFAULT mode.
2025-03-13 00:07:14 [main] INFO  o.s.d.r.c.RepositoryConfigurationDelegate - Finished Spring Data repository scanning in 93 ms. Found 3 JPA repository interfaces.
2025-03-13 00:07:17 [main] INFO  o.h.jpa.internal.util.LogHelper - HHH000204: Processing PersistenceUnitInfo [name: default]
2025-03-13 00:07:17 [main] INFO  org.hibernate.Version - HHH000412: Hibernate ORM core version 6.6.5.Final
2025-03-13 00:07:17 [main] INFO  o.h.c.i.RegionFactoryInitiator - HHH000026: Second-level cache disabled
2025-03-13 00:07:17 [main] INFO  o.s.o.j.p.SpringPersistenceUnitInfo - No LoadTimeWeaver setup: ignoring JPA class transformer
2025-03-13 00:07:17 [main] INFO  com.zaxxer.hikari.HikariDataSource - HikariPool-1 - Starting...
2025-03-13 00:07:17 [main] INFO  com.zaxxer.hikari.pool.HikariPool - HikariPool-1 - Added connection com.mysql.cj.jdbc.ConnectionImpl@359ea595
2025-03-13 00:07:17 [main] INFO  com.zaxxer.hikari.HikariDataSource - HikariPool-1 - Start completed.
2025-03-13 00:07:17 [main] WARN  org.hibernate.orm.deprecation - HHH90000025: MySQL8Dialect does not need to be specified explicitly using 'hibernate.dialect' (remove the property setting and it will be selected by default)
2025-03-13 00:07:17 [main] WARN  org.hibernate.orm.deprecation - HHH90000026: MySQL8Dialect has been deprecated; use org.hibernate.dialect.MySQLDialect instead
2025-03-13 00:07:17 [main] INFO  o.hibernate.orm.connections.pooling - HHH10001005: Database info:
	Database JDBC URL [Connecting through datasource 'HikariDataSource (HikariPool-1)']
	Database driver: undefined/unknown
	Database version: 8.0
	Autocommit mode: undefined/unknown
	Isolation level: undefined/unknown
	Minimum pool size: undefined/unknown
	Maximum pool size: undefined/unknown
2025-03-13 00:07:19 [main] INFO  o.h.e.t.j.p.i.JtaPlatformInitiator - HHH000489: No JTA platform available (set 'hibernate.transaction.jta.platform' to enable JTA platform integration)
2025-03-13 00:07:19 [main] INFO  o.s.o.j.LocalContainerEntityManagerFactoryBean - Initialized JPA EntityManagerFactory for persistence unit 'default'
2025-03-13 00:07:21 [main] WARN  o.s.b.a.o.j.JpaBaseConfiguration$JpaWebConfiguration - spring.jpa.open-in-view is enabled by default. Therefore, database queries may be performed during view rendering. Explicitly configure spring.jpa.open-in-view to disable this warning
2025-03-13 00:07:21 [main] INFO  o.s.b.a.w.s.WelcomePageHandlerMapping - Adding welcome page: class path resource [static/index.html]
2025-03-13 00:07:23 [main] INFO  c.e.campus.service.SalaryServiceTest - Started SalaryServiceTest in 11.05 seconds (process running for 12.751)
2025-03-13 00:07:23 [main] INFO  c.e.c.service.DefaultSalaryService - Calculating Payroll By JOb Title
2025-03-13 00:07:23 [main] INFO  c.e.c.service.DefaultSalaryService - Payroll By JOb Title Calculated
2025-03-13 00:07:23 [main] INFO  c.e.c.service.DefaultSalaryService - Fetching Top N Highest Paid Employee
2025-03-13 00:07:23 [main] INFO  c.e.c.service.DefaultSalaryService - Top N Highest Paid Employee Fetched
2025-03-13 00:07:24 [main] INFO  c.e.c.service.DefaultSalaryService - Fetching Payroll by department
2025-03-13 00:07:24 [main] INFO  c.e.c.service.DefaultSalaryService - Fetching Payroll by department
2025-03-13 00:07:24 [main] INFO  c.e.c.service.DefaultSalaryService - Payroll By Department Fetched
2025-03-13 00:07:24 [main] INFO  c.e.c.service.DefaultSalaryService - Fetching Payroll By ID
2025-03-13 00:07:24 [main] INFO  c.e.c.service.DefaultSalaryService - Payroll By ID fetched
2025-03-13 00:07:24 [main] INFO  c.e.c.service.DefaultSalaryService - Fetching Payroll By ID
2025-03-13 00:07:24 [main] INFO  c.e.c.service.DefaultSalaryService - Fetching Average Pay by Department
2025-03-13 00:07:24 [main] INFO  c.e.c.service.DefaultSalaryService - Average Pay by Department Fetched
2025-03-13 00:07:24 [SpringApplicationShutdownHook] INFO  o.s.o.j.LocalContainerEntityManagerFactoryBean - Closing JPA EntityManagerFactory for persistence unit 'default'
2025-03-13 00:07:24 [SpringApplicationShutdownHook] INFO  com.zaxxer.hikari.HikariDataSource - HikariPool-1 - Shutdown initiated...
2025-03-13 00:07:24 [SpringApplicationShutdownHook] INFO  com.zaxxer.hikari.HikariDataSource - HikariPool-1 - Shutdown completed.
2025-03-13 00:35:17 [background-preinit] INFO  o.h.validator.internal.util.Version - HV000001: Hibernate Validator 8.0.2.Final
2025-03-13 00:35:17 [main] INFO  c.e.c.c.SalaryControllerTest - Starting SalaryControllerTest using Java 23.0.2 with PID 34228 (started by prasoon_modi in C:\Users\prasoon_modi\Desktop\EmployeePayroll)
2025-03-13 00:35:17 [main] DEBUG c.e.c.c.SalaryControllerTest - Running with Spring Boot v3.4.2, Spring v6.2.2
2025-03-13 00:35:17 [main] INFO  c.e.c.c.SalaryControllerTest - No active profile set, falling back to 1 default profile: "default"
2025-03-13 00:35:20 [main] INFO  o.s.b.a.w.s.WelcomePageHandlerMapping - Adding welcome page: class path resource [static/index.html]
2025-03-13 00:35:20 [main] INFO  o.s.b.t.m.w.SpringBootMockServletContext - Initializing Spring TestDispatcherServlet ''
2025-03-13 00:35:20 [main] INFO  o.s.t.w.s.TestDispatcherServlet - Initializing Servlet ''
2025-03-13 00:35:20 [main] INFO  o.s.t.w.s.TestDispatcherServlet - Completed initialization in 3 ms
2025-03-13 00:35:20 [main] INFO  c.e.c.c.SalaryControllerTest - Started SalaryControllerTest in 3.227 seconds (process running for 4.643)
2025-03-13 00:35:20 [main] INFO  c.e.c.controller.SalaryController - Received request to calculate payroll for job title: Developer
2025-03-13 00:35:20 [main] INFO  c.e.c.controller.SalaryController - Received request to fetch top 5 highest paid employees
2025-03-13 00:35:20 [main] INFO  c.e.c.controller.SalaryController - Received request to fetch payroll for department ID: 1
2025-03-13 00:35:20 [main] INFO  c.e.c.controller.SalaryController - Received request to fetch payroll for employee ID: 1
2025-03-13 00:35:20 [main] INFO  c.e.c.controller.SalaryController - Received request to fetch average payroll for department ID: 1
2025-03-13 00:35:28 [background-preinit] INFO  o.h.validator.internal.util.Version - HV000001: Hibernate Validator 8.0.2.Final
2025-03-13 00:35:28 [main] INFO  c.e.c.c.EmployeeControllerTest - Starting EmployeeControllerTest using Java 23.0.2 with PID 19792 (started by prasoon_modi in C:\Users\prasoon_modi\Desktop\EmployeePayroll)
2025-03-13 00:35:28 [main] DEBUG c.e.c.c.EmployeeControllerTest - Running with Spring Boot v3.4.2, Spring v6.2.2
2025-03-13 00:35:28 [main] INFO  c.e.c.c.EmployeeControllerTest - No active profile set, falling back to 1 default profile: "default"
2025-03-13 00:35:30 [main] INFO  o.s.b.a.w.s.WelcomePageHandlerMapping - Adding welcome page: class path resource [static/index.html]
2025-03-13 00:35:31 [main] INFO  o.s.b.t.m.w.SpringBootMockServletContext - Initializing Spring TestDispatcherServlet ''
2025-03-13 00:35:31 [main] INFO  o.s.t.w.s.TestDispatcherServlet - Initializing Servlet ''
2025-03-13 00:35:31 [main] INFO  o.s.t.w.s.TestDispatcherServlet - Completed initialization in 2 ms
2025-03-13 00:35:31 [main] INFO  c.e.c.c.EmployeeControllerTest - Started EmployeeControllerTest in 3.279 seconds (process running for 4.712)
2025-03-13 00:35:31 [main] INFO  c.e.c.controller.EmployeeController - Received request to delete employee with ID: 1
2025-03-13 00:35:31 [main] INFO  c.e.c.controller.EmployeeController - Received request to find employees hired in the last 6 months
2025-03-13 00:35:31 [main] WARN  o.s.w.s.m.s.DefaultHandlerExceptionResolver - Resolved [org.springframework.web.bind.MethodArgumentNotValidException: Validation failed for argument [0] in public org.springframework.http.ResponseEntity<com.epam.campus.dto.EmployeeDTO> com.epam.campus.controller.EmployeeController.addEmployee(com.epam.campus.dto.EmployeeDTO) with 4 errors: [Field error in object 'employeeDTO' on field 'age': rejected value [0]; codes [Min.employeeDTO.age,Min.age,Min.int,Min]; arguments [org.springframework.context.support.DefaultMessageSourceResolvable: codes [employeeDTO.age,age]; arguments []; default message [age],21]; default message [Employees should be more than 20]] [Field error in object 'employeeDTO' on field 'departmentId': rejected value [0]; codes [Min.employeeDTO.departmentId,Min.departmentId,Min.int,Min]; arguments [org.springframework.context.support.DefaultMessageSourceResolvable: codes [employeeDTO.departmentId,departmentId]; arguments []; default message [departmentId],1]; default message [must be greater than or equal to 1]] [Field error in object 'employeeDTO' on field 'designationId': rejected value [0]; codes [Min.employeeDTO.designationId,Min.designationId,Min.int,Min]; arguments [org.springframework.context.support.DefaultMessageSourceResolvable: codes [employeeDTO.designationId,designationId]; arguments []; default message [designationId],1]; default message [must be greater than or equal to 1]] [Field error in object 'employeeDTO' on field 'gender': rejected value [null]; codes [NotNull.employeeDTO.gender,NotNull.gender,NotNull.java.lang.String,NotNull]; arguments [org.springframework.context.support.DefaultMessageSourceResolvable: codes [employeeDTO.gender,gender]; arguments []; default message [gender]]; default message [must not be null]] ]
2025-03-13 00:35:31 [main] INFO  c.e.c.controller.EmployeeController - Received request to fetch employee by ID: 1
2025-03-13 00:35:31 [main] WARN  o.s.w.s.m.s.DefaultHandlerExceptionResolver - Resolved [org.springframework.web.bind.MethodArgumentNotValidException: Validation failed for argument [1] in public org.springframework.http.ResponseEntity<com.epam.campus.dto.EmployeeDTO> com.epam.campus.controller.EmployeeController.updateEmployee(int,com.epam.campus.dto.EmployeeDTO) with 4 errors: [Field error in object 'employeeDTO' on field 'age': rejected value [0]; codes [Min.employeeDTO.age,Min.age,Min.int,Min]; arguments [org.springframework.context.support.DefaultMessageSourceResolvable: codes [employeeDTO.age,age]; arguments []; default message [age],21]; default message [Employees should be more than 20]] [Field error in object 'employeeDTO' on field 'designationId': rejected value [0]; codes [Min.employeeDTO.designationId,Min.designationId,Min.int,Min]; arguments [org.springframework.context.support.DefaultMessageSourceResolvable: codes [employeeDTO.designationId,designationId]; arguments []; default message [designationId],1]; default message [must be greater than or equal to 1]] [Field error in object 'employeeDTO' on field 'departmentId': rejected value [0]; codes [Min.employeeDTO.departmentId,Min.departmentId,Min.int,Min]; arguments [org.springframework.context.support.DefaultMessageSourceResolvable: codes [employeeDTO.departmentId,departmentId]; arguments []; default message [departmentId],1]; default message [must be greater than or equal to 1]] [Field error in object 'employeeDTO' on field 'gender': rejected value [null]; codes [NotNull.employeeDTO.gender,NotNull.gender,NotNull.java.lang.String,NotNull]; arguments [org.springframework.context.support.DefaultMessageSourceResolvable: codes [employeeDTO.gender,gender]; arguments []; default message [gender]]; default message [must not be null]] ]
2025-03-13 00:35:31 [main] INFO  c.e.c.controller.EmployeeController - Received request to fetch all employees
2025-03-13 00:36:50 [background-preinit] INFO  o.h.validator.internal.util.Version - HV000001: Hibernate Validator 8.0.2.Final
2025-03-13 00:36:50 [main] INFO  c.e.c.c.DesignationControllerTest - Starting DesignationControllerTest using Java 23.0.2 with PID 26980 (started by prasoon_modi in C:\Users\prasoon_modi\Desktop\EmployeePayroll)
2025-03-13 00:36:50 [main] DEBUG c.e.c.c.DesignationControllerTest - Running with Spring Boot v3.4.2, Spring v6.2.2
2025-03-13 00:36:50 [main] INFO  c.e.c.c.DesignationControllerTest - No active profile set, falling back to 1 default profile: "default"
2025-03-13 00:36:52 [main] INFO  o.s.b.a.w.s.WelcomePageHandlerMapping - Adding welcome page: class path resource [static/index.html]
2025-03-13 00:36:52 [main] INFO  o.s.b.t.m.w.SpringBootMockServletContext - Initializing Spring TestDispatcherServlet ''
2025-03-13 00:36:52 [main] INFO  o.s.t.w.s.TestDispatcherServlet - Initializing Servlet ''
2025-03-13 00:36:52 [main] INFO  o.s.t.w.s.TestDispatcherServlet - Completed initialization in 2 ms
2025-03-13 00:36:52 [main] INFO  c.e.c.c.DesignationControllerTest - Started DesignationControllerTest in 3.045 seconds (process running for 4.446)
2025-03-13 00:36:52 [main] WARN  o.s.w.s.m.s.DefaultHandlerExceptionResolver - Resolved [org.springframework.web.bind.MethodArgumentNotValidException: Validation failed for argument [0] in public org.springframework.http.ResponseEntity<java.lang.String> com.epam.campus.controller.DesignationController.addDesignation(com.epam.campus.dto.DesignationDTO): [Field error in object 'designationDTO' on field 'baseSalary': rejected value [0.0]; codes [Min.designationDTO.baseSalary,Min.baseSalary,Min.double,Min]; arguments [org.springframework.context.support.DefaultMessageSourceResolvable: codes [designationDTO.baseSalary,baseSalary]; arguments []; default message [baseSalary],10000]; default message [must be greater than or equal to 10000]] ]
2025-03-13 00:36:52 [main] INFO  c.e.c.c.DesignationController - Received request to fetch all designations
2025-03-13 00:36:53 [main] WARN  o.s.w.s.m.s.DefaultHandlerExceptionResolver - Resolved [org.springframework.web.bind.MethodArgumentNotValidException: Validation failed for argument [1] in public org.springframework.http.ResponseEntity<java.lang.String> com.epam.campus.controller.DesignationController.updateDesignation(int,com.epam.campus.dto.DesignationDTO): [Field error in object 'designationDTO' on field 'baseSalary': rejected value [0.0]; codes [Min.designationDTO.baseSalary,Min.baseSalary,Min.double,Min]; arguments [org.springframework.context.support.DefaultMessageSourceResolvable: codes [designationDTO.baseSalary,baseSalary]; arguments []; default message [baseSalary],10000]; default message [must be greater than or equal to 10000]] ]
2025-03-13 00:36:53 [main] INFO  c.e.c.c.DesignationController - Received request to delete designation with ID: 1
2025-03-13 00:37:00 [background-preinit] INFO  o.h.validator.internal.util.Version - HV000001: Hibernate Validator 8.0.2.Final
2025-03-13 00:37:00 [main] INFO  c.e.c.c.DepartmentControllerTest - Starting DepartmentControllerTest using Java 23.0.2 with PID 30964 (started by prasoon_modi in C:\Users\prasoon_modi\Desktop\EmployeePayroll)
2025-03-13 00:37:00 [main] DEBUG c.e.c.c.DepartmentControllerTest - Running with Spring Boot v3.4.2, Spring v6.2.2
2025-03-13 00:37:00 [main] INFO  c.e.c.c.DepartmentControllerTest - No active profile set, falling back to 1 default profile: "default"
2025-03-13 00:37:02 [main] INFO  o.s.b.a.w.s.WelcomePageHandlerMapping - Adding welcome page: class path resource [static/index.html]
2025-03-13 00:37:02 [main] INFO  o.s.b.t.m.w.SpringBootMockServletContext - Initializing Spring TestDispatcherServlet ''
2025-03-13 00:37:02 [main] INFO  o.s.t.w.s.TestDispatcherServlet - Initializing Servlet ''
2025-03-13 00:37:02 [main] INFO  o.s.t.w.s.TestDispatcherServlet - Completed initialization in 3 ms
2025-03-13 00:37:02 [main] INFO  c.e.c.c.DepartmentControllerTest - Started DepartmentControllerTest in 3.092 seconds (process running for 4.512)
2025-03-13 00:37:02 [main] INFO  c.e.c.c.DepartmentController - Received request to delete department with ID: 1
2025-03-13 00:37:03 [main] WARN  o.s.w.s.m.s.DefaultHandlerExceptionResolver - Resolved [org.springframework.web.bind.MethodArgumentNotValidException: Validation failed for argument [0] in public org.springframework.http.ResponseEntity<java.lang.String> com.epam.campus.controller.DepartmentController.addDepartment(com.epam.campus.dto.DepartmentDTO): [Field error in object 'departmentDTO' on field 'name': rejected value [IT]; codes [Size.departmentDTO.name,Size.name,Size.java.lang.String,Size]; arguments [org.springframework.context.support.DefaultMessageSourceResolvable: codes [departmentDTO.name,name]; arguments []; default message [name],20,3]; default message [Name should be between 3 and 20]] ]
2025-03-13 00:37:03 [main] WARN  o.s.w.s.m.s.DefaultHandlerExceptionResolver - Resolved [org.springframework.web.bind.MethodArgumentNotValidException: Validation failed for argument [1] in public org.springframework.http.ResponseEntity<java.lang.String> com.epam.campus.controller.DepartmentController.updateDepartment(int,com.epam.campus.dto.DepartmentDTO): [Field error in object 'departmentDTO' on field 'name': rejected value [HR]; codes [Size.departmentDTO.name,Size.name,Size.java.lang.String,Size]; arguments [org.springframework.context.support.DefaultMessageSourceResolvable: codes [departmentDTO.name,name]; arguments []; default message [name],20,3]; default message [Name should be between 3 and 20]] ]
2025-03-13 00:37:03 [main] INFO  c.e.c.c.DepartmentController - Received request to fetch all departments
2025-03-13 00:37:17 [background-preinit] INFO  o.h.validator.internal.util.Version - HV000001: Hibernate Validator 8.0.2.Final
2025-03-13 00:37:17 [main] INFO  c.e.c.c.SalaryControllerTest - Starting SalaryControllerTest using Java 23.0.2 with PID 25916 (started by prasoon_modi in C:\Users\prasoon_modi\Desktop\EmployeePayroll)
2025-03-13 00:37:17 [main] DEBUG c.e.c.c.SalaryControllerTest - Running with Spring Boot v3.4.2, Spring v6.2.2
2025-03-13 00:37:17 [main] INFO  c.e.c.c.SalaryControllerTest - No active profile set, falling back to 1 default profile: "default"
2025-03-13 00:37:19 [main] INFO  o.s.b.a.w.s.WelcomePageHandlerMapping - Adding welcome page: class path resource [static/index.html]
2025-03-13 00:37:19 [main] INFO  o.s.b.t.m.w.SpringBootMockServletContext - Initializing Spring TestDispatcherServlet ''
2025-03-13 00:37:19 [main] INFO  o.s.t.w.s.TestDispatcherServlet - Initializing Servlet ''
2025-03-13 00:37:19 [main] INFO  o.s.t.w.s.TestDispatcherServlet - Completed initialization in 1 ms
2025-03-13 00:37:19 [main] INFO  c.e.c.c.SalaryControllerTest - Started SalaryControllerTest in 2.95 seconds (process running for 4.223)
2025-03-13 00:37:19 [main] INFO  c.e.c.controller.SalaryController - Received request to calculate payroll for job title: Developer
2025-03-13 00:37:19 [main] INFO  c.e.c.controller.SalaryController - Received request to fetch top 5 highest paid employees
2025-03-13 00:37:19 [main] INFO  c.e.c.controller.SalaryController - Received request to fetch payroll for department ID: 1
2025-03-13 00:37:19 [main] INFO  c.e.c.controller.SalaryController - Received request to fetch payroll for employee ID: 1
2025-03-13 00:37:19 [main] INFO  c.e.c.controller.SalaryController - Received request to fetch average payroll for department ID: 1
2025-03-13 00:37:29 [background-preinit] INFO  o.h.validator.internal.util.Version - HV000001: Hibernate Validator 8.0.2.Final
2025-03-13 00:37:29 [main] INFO  c.e.c.c.EmployeeControllerTest - Starting EmployeeControllerTest using Java 23.0.2 with PID 2344 (started by prasoon_modi in C:\Users\prasoon_modi\Desktop\EmployeePayroll)
2025-03-13 00:37:29 [main] DEBUG c.e.c.c.EmployeeControllerTest - Running with Spring Boot v3.4.2, Spring v6.2.2
2025-03-13 00:37:29 [main] INFO  c.e.c.c.EmployeeControllerTest - No active profile set, falling back to 1 default profile: "default"
2025-03-13 00:37:31 [main] INFO  o.s.b.a.w.s.WelcomePageHandlerMapping - Adding welcome page: class path resource [static/index.html]
2025-03-13 00:37:31 [main] INFO  o.s.b.t.m.w.SpringBootMockServletContext - Initializing Spring TestDispatcherServlet ''
2025-03-13 00:37:31 [main] INFO  o.s.t.w.s.TestDispatcherServlet - Initializing Servlet ''
2025-03-13 00:37:31 [main] INFO  o.s.t.w.s.TestDispatcherServlet - Completed initialization in 2 ms
2025-03-13 00:37:32 [main] INFO  c.e.c.c.EmployeeControllerTest - Started EmployeeControllerTest in 3.104 seconds (process running for 4.453)
2025-03-13 00:37:32 [main] INFO  c.e.c.controller.EmployeeController - Received request to delete employee with ID: 1
2025-03-13 00:37:32 [main] INFO  c.e.c.controller.EmployeeController - Received request to find employees hired in the last 6 months
2025-03-13 00:37:32 [main] WARN  o.s.w.s.m.s.DefaultHandlerExceptionResolver - Resolved [org.springframework.web.bind.MethodArgumentNotValidException: Validation failed for argument [0] in public org.springframework.http.ResponseEntity<com.epam.campus.dto.EmployeeDTO> com.epam.campus.controller.EmployeeController.addEmployee(com.epam.campus.dto.EmployeeDTO) with 4 errors: [Field error in object 'employeeDTO' on field 'age': rejected value [0]; codes [Min.employeeDTO.age,Min.age,Min.int,Min]; arguments [org.springframework.context.support.DefaultMessageSourceResolvable: codes [employeeDTO.age,age]; arguments []; default message [age],21]; default message [Employees should be more than 20]] [Field error in object 'employeeDTO' on field 'gender': rejected value [null]; codes [NotNull.employeeDTO.gender,NotNull.gender,NotNull.java.lang.String,NotNull]; arguments [org.springframework.context.support.DefaultMessageSourceResolvable: codes [employeeDTO.gender,gender]; arguments []; default message [gender]]; default message [must not be null]] [Field error in object 'employeeDTO' on field 'designationId': rejected value [0]; codes [Min.employeeDTO.designationId,Min.designationId,Min.int,Min]; arguments [org.springframework.context.support.DefaultMessageSourceResolvable: codes [employeeDTO.designationId,designationId]; arguments []; default message [designationId],1]; default message [must be greater than or equal to 1]] [Field error in object 'employeeDTO' on field 'departmentId': rejected value [0]; codes [Min.employeeDTO.departmentId,Min.departmentId,Min.int,Min]; arguments [org.springframework.context.support.DefaultMessageSourceResolvable: codes [employeeDTO.departmentId,departmentId]; arguments []; default message [departmentId],1]; default message [must be greater than or equal to 1]] ]
2025-03-13 00:37:32 [main] INFO  c.e.c.controller.EmployeeController - Received request to fetch employee by ID: 1
2025-03-13 00:37:32 [main] WARN  o.s.w.s.m.s.DefaultHandlerExceptionResolver - Resolved [org.springframework.web.bind.MethodArgumentNotValidException: Validation failed for argument [1] in public org.springframework.http.ResponseEntity<com.epam.campus.dto.EmployeeDTO> com.epam.campus.controller.EmployeeController.updateEmployee(int,com.epam.campus.dto.EmployeeDTO) with 4 errors: [Field error in object 'employeeDTO' on field 'age': rejected value [0]; codes [Min.employeeDTO.age,Min.age,Min.int,Min]; arguments [org.springframework.context.support.DefaultMessageSourceResolvable: codes [employeeDTO.age,age]; arguments []; default message [age],21]; default message [Employees should be more than 20]] [Field error in object 'employeeDTO' on field 'gender': rejected value [null]; codes [NotNull.employeeDTO.gender,NotNull.gender,NotNull.java.lang.String,NotNull]; arguments [org.springframework.context.support.DefaultMessageSourceResolvable: codes [employeeDTO.gender,gender]; arguments []; default message [gender]]; default message [must not be null]] [Field error in object 'employeeDTO' on field 'departmentId': rejected value [0]; codes [Min.employeeDTO.departmentId,Min.departmentId,Min.int,Min]; arguments [org.springframework.context.support.DefaultMessageSourceResolvable: codes [employeeDTO.departmentId,departmentId]; arguments []; default message [departmentId],1]; default message [must be greater than or equal to 1]] [Field error in object 'employeeDTO' on field 'designationId': rejected value [0]; codes [Min.employeeDTO.designationId,Min.designationId,Min.int,Min]; arguments [org.springframework.context.support.DefaultMessageSourceResolvable: codes [employeeDTO.designationId,designationId]; arguments []; default message [designationId],1]; default message [must be greater than or equal to 1]] ]
2025-03-13 00:37:32 [main] INFO  c.e.c.controller.EmployeeController - Received request to fetch all employees
2025-03-13 00:40:22 [background-preinit] INFO  o.h.validator.internal.util.Version - HV000001: Hibernate Validator 8.0.2.Final
2025-03-13 00:40:22 [main] INFO  c.e.c.c.EmployeeControllerTest - Starting EmployeeControllerTest using Java 23.0.2 with PID 34768 (started by prasoon_modi in C:\Users\prasoon_modi\Desktop\EmployeePayroll)
2025-03-13 00:40:22 [main] DEBUG c.e.c.c.EmployeeControllerTest - Running with Spring Boot v3.4.2, Spring v6.2.2
2025-03-13 00:40:22 [main] INFO  c.e.c.c.EmployeeControllerTest - No active profile set, falling back to 1 default profile: "default"
2025-03-13 00:40:24 [main] INFO  o.s.b.a.w.s.WelcomePageHandlerMapping - Adding welcome page: class path resource [static/index.html]
2025-03-13 00:40:24 [main] INFO  o.s.b.t.m.w.SpringBootMockServletContext - Initializing Spring TestDispatcherServlet ''
2025-03-13 00:40:24 [main] INFO  o.s.t.w.s.TestDispatcherServlet - Initializing Servlet ''
2025-03-13 00:40:24 [main] INFO  o.s.t.w.s.TestDispatcherServlet - Completed initialization in 2 ms
2025-03-13 00:40:24 [main] INFO  c.e.c.c.EmployeeControllerTest - Started EmployeeControllerTest in 3.158 seconds (process running for 4.385)
2025-03-13 00:40:24 [main] INFO  c.e.c.controller.EmployeeController - Received request to delete employee with ID: 1
2025-03-13 00:40:25 [main] INFO  c.e.c.controller.EmployeeController - Received request to find employees hired in the last 6 months
2025-03-13 00:40:25 [main] INFO  c.e.c.controller.EmployeeController - Received request to fetch employee by ID: 1
2025-03-13 00:40:25 [main] INFO  c.e.c.controller.EmployeeController - Received request to update employee with ID: 1
2025-03-13 00:40:25 [main] INFO  c.e.c.controller.EmployeeController - Received request to fetch all employees
2025-03-13 00:43:48 [background-preinit] INFO  o.h.validator.internal.util.Version - HV000001: Hibernate Validator 8.0.2.Final
2025-03-13 00:43:48 [main] INFO  c.e.c.c.EmployeeControllerTest - Starting EmployeeControllerTest using Java 23.0.2 with PID 24332 (started by prasoon_modi in C:\Users\prasoon_modi\Desktop\EmployeePayroll)
2025-03-13 00:43:48 [main] DEBUG c.e.c.c.EmployeeControllerTest - Running with Spring Boot v3.4.2, Spring v6.2.2
2025-03-13 00:43:48 [main] INFO  c.e.c.c.EmployeeControllerTest - No active profile set, falling back to 1 default profile: "default"
2025-03-13 00:43:50 [main] INFO  o.s.b.a.w.s.WelcomePageHandlerMapping - Adding welcome page: class path resource [static/index.html]
2025-03-13 00:43:50 [main] INFO  o.s.b.t.m.w.SpringBootMockServletContext - Initializing Spring TestDispatcherServlet ''
2025-03-13 00:43:50 [main] INFO  o.s.t.w.s.TestDispatcherServlet - Initializing Servlet ''
2025-03-13 00:43:50 [main] INFO  o.s.t.w.s.TestDispatcherServlet - Completed initialization in 3 ms
2025-03-13 00:43:50 [main] INFO  c.e.c.c.EmployeeControllerTest - Started EmployeeControllerTest in 3.13 seconds (process running for 4.499)
2025-03-13 00:43:50 [main] INFO  c.e.c.controller.EmployeeController - Received request to delete employee with ID: 1
2025-03-13 00:43:50 [main] INFO  c.e.c.controller.EmployeeController - Received request to find employees hired in the last 6 months
2025-03-13 00:43:51 [main] INFO  c.e.c.controller.EmployeeController - Received request to fetch employee by ID: 1
2025-03-13 00:43:51 [main] INFO  c.e.c.controller.EmployeeController - Received request to update employee with ID: 1
2025-03-13 00:43:51 [main] INFO  c.e.c.controller.EmployeeController - Received request to fetch all employees
2025-03-13 09:54:19 [background-preinit] INFO  o.h.validator.internal.util.Version - HV000001: Hibernate Validator 8.0.2.Final
2025-03-13 09:54:19 [main] INFO  c.e.c.c.EmployeeControllerTest - Starting EmployeeControllerTest using Java 23.0.2 with PID 27184 (started by prasoon_modi in C:\Users\prasoon_modi\Desktop\EmployeePayroll)
2025-03-13 09:54:19 [main] DEBUG c.e.c.c.EmployeeControllerTest - Running with Spring Boot v3.4.2, Spring v6.2.2
2025-03-13 09:54:19 [main] INFO  c.e.c.c.EmployeeControllerTest - No active profile set, falling back to 1 default profile: "default"
2025-03-13 09:54:22 [main] INFO  o.s.b.a.w.s.WelcomePageHandlerMapping - Adding welcome page: class path resource [static/index.html]
2025-03-13 09:54:23 [main] INFO  o.s.b.t.m.w.SpringBootMockServletContext - Initializing Spring TestDispatcherServlet ''
2025-03-13 09:54:23 [main] INFO  o.s.t.w.s.TestDispatcherServlet - Initializing Servlet ''
2025-03-13 09:54:23 [main] INFO  o.s.t.w.s.TestDispatcherServlet - Completed initialization in 4 ms
2025-03-13 09:54:23 [main] INFO  c.e.c.c.EmployeeControllerTest - Started EmployeeControllerTest in 5.217 seconds (process running for 7.778)
2025-03-13 09:54:23 [main] INFO  c.e.c.controller.EmployeeController - Received request to delete employee with ID: 1
2025-03-13 09:54:23 [main] INFO  c.e.c.controller.EmployeeController - Received request to find employees hired in the last 6 months
2025-03-13 09:54:24 [main] INFO  c.e.c.controller.EmployeeController - Received request to fetch employee by ID: 1
2025-03-13 09:54:24 [main] INFO  c.e.c.controller.EmployeeController - Received request to update employee with ID: 1
2025-03-13 09:54:24 [main] INFO  c.e.c.controller.EmployeeController - Received request to fetch all employees
2025-03-13 10:07:09 [background-preinit] INFO  o.h.validator.internal.util.Version - HV000001: Hibernate Validator 8.0.2.Final
2025-03-13 10:07:09 [main] INFO  c.e.c.c.EmployeeControllerTest - Starting EmployeeControllerTest using Java 23.0.2 with PID 35592 (started by prasoon_modi in C:\Users\prasoon_modi\Desktop\EmployeePayroll)
2025-03-13 10:07:09 [main] DEBUG c.e.c.c.EmployeeControllerTest - Running with Spring Boot v3.4.2, Spring v6.2.2
2025-03-13 10:07:09 [main] INFO  c.e.c.c.EmployeeControllerTest - No active profile set, falling back to 1 default profile: "default"
2025-03-13 10:07:11 [main] INFO  o.s.b.a.w.s.WelcomePageHandlerMapping - Adding welcome page: class path resource [static/index.html]
2025-03-13 10:07:12 [main] INFO  o.s.b.t.m.w.SpringBootMockServletContext - Initializing Spring TestDispatcherServlet ''
2025-03-13 10:07:12 [main] INFO  o.s.t.w.s.TestDispatcherServlet - Initializing Servlet ''
2025-03-13 10:07:12 [main] INFO  o.s.t.w.s.TestDispatcherServlet - Completed initialization in 2 ms
2025-03-13 10:07:12 [main] INFO  c.e.c.c.EmployeeControllerTest - Started EmployeeControllerTest in 3.078 seconds (process running for 4.556)
2025-03-13 10:07:12 [main] INFO  c.e.c.controller.EmployeeController - Received request to delete employee with ID: 1
2025-03-13 10:07:12 [main] INFO  c.e.c.controller.EmployeeController - Received request to find employees hired in the last 6 months
2025-03-13 10:07:12 [main] INFO  c.e.c.controller.EmployeeController - Received request to find employees hired in the last 6 months
2025-03-13 10:07:12 [main] WARN  o.s.w.s.m.s.DefaultHandlerExceptionResolver - Resolved [org.springframework.web.bind.MethodArgumentNotValidException: Validation failed for argument [0] in public org.springframework.http.ResponseEntity<com.epam.campus.dto.EmployeeDTO> com.epam.campus.controller.EmployeeController.addEmployee(com.epam.campus.dto.EmployeeDTO) with 3 errors: [Field error in object 'employeeDTO' on field 'name': rejected value []; codes [NotBlank.employeeDTO.name,NotBlank.name,NotBlank.java.lang.String,NotBlank]; arguments [org.springframework.context.support.DefaultMessageSourceResolvable: codes [employeeDTO.name,name]; arguments []; default message [name]]; default message [Name should not be blank]] [Field error in object 'employeeDTO' on field 'name': rejected value []; codes [Size.employeeDTO.name,Size.name,Size.java.lang.String,Size]; arguments [org.springframework.context.support.DefaultMessageSourceResolvable: codes [employeeDTO.name,name]; arguments []; default message [name],20,3]; default message [Name should be between 3 and 20]] [Field error in object 'employeeDTO' on field 'age': rejected value [-1]; codes [Min.employeeDTO.age,Min.age,Min.int,Min]; arguments [org.springframework.context.support.DefaultMessageSourceResolvable: codes [employeeDTO.age,age]; arguments []; default message [age],21]; default message [Employees should be more than 20]] ]
2025-03-13 10:07:12 [main] INFO  c.e.c.controller.EmployeeController - Received request to fetch employee by ID: 1
2025-03-13 10:07:12 [main] INFO  c.e.c.controller.EmployeeController - Received request to fetch employee by ID: 99
2025-03-13 10:07:12 [main] INFO  c.e.c.controller.EmployeeController - Received request to update employee with ID: 1
2025-03-13 10:07:12 [main] WARN  o.s.w.s.m.s.DefaultHandlerExceptionResolver - Resolved [org.springframework.web.bind.MethodArgumentNotValidException: Validation failed for argument [1] in public org.springframework.http.ResponseEntity<com.epam.campus.dto.EmployeeDTO> com.epam.campus.controller.EmployeeController.updateEmployee(int,com.epam.campus.dto.EmployeeDTO) with 3 errors: [Field error in object 'employeeDTO' on field 'age': rejected value [-1]; codes [Min.employeeDTO.age,Min.age,Min.int,Min]; arguments [org.springframework.context.support.DefaultMessageSourceResolvable: codes [employeeDTO.age,age]; arguments []; default message [age],21]; default message [Employees should be more than 20]] [Field error in object 'employeeDTO' on field 'name': rejected value []; codes [Size.employeeDTO.name,Size.name,Size.java.lang.String,Size]; arguments [org.springframework.context.support.DefaultMessageSourceResolvable: codes [employeeDTO.name,name]; arguments []; default message [name],20,3]; default message [Name should be between 3 and 20]] [Field error in object 'employeeDTO' on field 'name': rejected value []; codes [NotBlank.employeeDTO.name,NotBlank.name,NotBlank.java.lang.String,NotBlank]; arguments [org.springframework.context.support.DefaultMessageSourceResolvable: codes [employeeDTO.name,name]; arguments []; default message [name]]; default message [Name should not be blank]] ]
2025-03-13 10:07:12 [main] INFO  c.e.c.controller.EmployeeController - Received request to fetch all employees
2025-03-13 10:07:12 [main] INFO  c.e.c.controller.EmployeeController - Received request to fetch all employees
2025-03-13 10:14:06 [background-preinit] INFO  o.h.validator.internal.util.Version - HV000001: Hibernate Validator 8.0.2.Final
2025-03-13 10:14:07 [main] INFO  c.e.c.c.DesignationControllerTest - Starting DesignationControllerTest using Java 23.0.2 with PID 19504 (started by prasoon_modi in C:\Users\prasoon_modi\Desktop\EmployeePayroll)
2025-03-13 10:14:07 [main] DEBUG c.e.c.c.DesignationControllerTest - Running with Spring Boot v3.4.2, Spring v6.2.2
2025-03-13 10:14:07 [main] INFO  c.e.c.c.DesignationControllerTest - No active profile set, falling back to 1 default profile: "default"
2025-03-13 10:14:09 [main] INFO  o.s.b.a.w.s.WelcomePageHandlerMapping - Adding welcome page: class path resource [static/index.html]
2025-03-13 10:14:09 [main] INFO  o.s.b.t.m.w.SpringBootMockServletContext - Initializing Spring TestDispatcherServlet ''
2025-03-13 10:14:09 [main] INFO  o.s.t.w.s.TestDispatcherServlet - Initializing Servlet ''
2025-03-13 10:14:09 [main] INFO  o.s.t.w.s.TestDispatcherServlet - Completed initialization in 0 ms
2025-03-13 10:14:09 [main] INFO  c.e.c.c.DesignationControllerTest - Started DesignationControllerTest in 3.329 seconds (process running for 4.685)
2025-03-13 10:14:10 [main] WARN  o.s.w.s.m.s.DefaultHandlerExceptionResolver - Resolved [org.springframework.web.bind.MethodArgumentNotValidException: Validation failed for argument [0] in public org.springframework.http.ResponseEntity<java.lang.String> com.epam.campus.controller.DesignationController.addDesignation(com.epam.campus.dto.DesignationDTO): [Field error in object 'designationDTO' on field 'baseSalary': rejected value [0.0]; codes [Min.designationDTO.baseSalary,Min.baseSalary,Min.double,Min]; arguments [org.springframework.context.support.DefaultMessageSourceResolvable: codes [designationDTO.baseSalary,baseSalary]; arguments []; default message [baseSalary],10000]; default message [must be greater than or equal to 10000]] ]
2025-03-13 10:14:10 [main] INFO  c.e.c.c.DesignationController - Received request to fetch all designations
2025-03-13 10:14:10 [main] WARN  o.s.w.s.m.s.DefaultHandlerExceptionResolver - Resolved [org.springframework.web.bind.MethodArgumentNotValidException: Validation failed for argument [1] in public org.springframework.http.ResponseEntity<java.lang.String> com.epam.campus.controller.DesignationController.updateDesignation(int,com.epam.campus.dto.DesignationDTO): [Field error in object 'designationDTO' on field 'baseSalary': rejected value [0.0]; codes [Min.designationDTO.baseSalary,Min.baseSalary,Min.double,Min]; arguments [org.springframework.context.support.DefaultMessageSourceResolvable: codes [designationDTO.baseSalary,baseSalary]; arguments []; default message [baseSalary],10000]; default message [must be greater than or equal to 10000]] ]
2025-03-13 10:14:10 [main] INFO  c.e.c.c.DesignationController - Received request to delete designation with ID: 1
2025-03-13 10:15:12 [background-preinit] INFO  o.h.validator.internal.util.Version - HV000001: Hibernate Validator 8.0.2.Final
2025-03-13 10:15:12 [main] INFO  c.e.c.c.DesignationControllerTest - Starting DesignationControllerTest using Java 23.0.2 with PID 36300 (started by prasoon_modi in C:\Users\prasoon_modi\Desktop\EmployeePayroll)
2025-03-13 10:15:12 [main] DEBUG c.e.c.c.DesignationControllerTest - Running with Spring Boot v3.4.2, Spring v6.2.2
2025-03-13 10:15:12 [main] INFO  c.e.c.c.DesignationControllerTest - No active profile set, falling back to 1 default profile: "default"
2025-03-13 10:15:14 [main] INFO  o.s.b.a.w.s.WelcomePageHandlerMapping - Adding welcome page: class path resource [static/index.html]
2025-03-13 10:15:14 [main] INFO  o.s.b.t.m.w.SpringBootMockServletContext - Initializing Spring TestDispatcherServlet ''
2025-03-13 10:15:14 [main] INFO  o.s.t.w.s.TestDispatcherServlet - Initializing Servlet ''
2025-03-13 10:15:14 [main] INFO  o.s.t.w.s.TestDispatcherServlet - Completed initialization in 0 ms
2025-03-13 10:15:14 [main] INFO  c.e.c.c.DesignationControllerTest - Started DesignationControllerTest in 3.225 seconds (process running for 4.584)
2025-03-13 10:15:14 [main] WARN  o.s.w.s.m.s.DefaultHandlerExceptionResolver - Resolved [org.springframework.web.bind.MethodArgumentNotValidException: Validation failed for argument [0] in public org.springframework.http.ResponseEntity<java.lang.String> com.epam.campus.controller.DesignationController.addDesignation(com.epam.campus.dto.DesignationDTO): [Field error in object 'designationDTO' on field 'baseSalary': rejected value [0.0]; codes [Min.designationDTO.baseSalary,Min.baseSalary,Min.double,Min]; arguments [org.springframework.context.support.DefaultMessageSourceResolvable: codes [designationDTO.baseSalary,baseSalary]; arguments []; default message [baseSalary],10000]; default message [must be greater than or equal to 10000]] ]
2025-03-13 10:15:15 [main] INFO  c.e.c.c.DesignationController - Received request to fetch all designations
2025-03-13 10:15:15 [main] WARN  o.s.w.s.m.s.DefaultHandlerExceptionResolver - Resolved [org.springframework.web.bind.MethodArgumentNotValidException: Validation failed for argument [1] in public org.springframework.http.ResponseEntity<java.lang.String> com.epam.campus.controller.DesignationController.updateDesignation(int,com.epam.campus.dto.DesignationDTO): [Field error in object 'designationDTO' on field 'baseSalary': rejected value [0.0]; codes [Min.designationDTO.baseSalary,Min.baseSalary,Min.double,Min]; arguments [org.springframework.context.support.DefaultMessageSourceResolvable: codes [designationDTO.baseSalary,baseSalary]; arguments []; default message [baseSalary],10000]; default message [must be greater than or equal to 10000]] ]
2025-03-13 10:15:15 [main] INFO  c.e.c.c.DesignationController - Received request to delete designation with ID: 1
2025-03-13 10:16:34 [background-preinit] INFO  o.h.validator.internal.util.Version - HV000001: Hibernate Validator 8.0.2.Final
2025-03-13 10:16:34 [main] INFO  c.e.c.c.DesignationControllerTest - Starting DesignationControllerTest using Java 23.0.2 with PID 20608 (started by prasoon_modi in C:\Users\prasoon_modi\Desktop\EmployeePayroll)
2025-03-13 10:16:34 [main] DEBUG c.e.c.c.DesignationControllerTest - Running with Spring Boot v3.4.2, Spring v6.2.2
2025-03-13 10:16:34 [main] INFO  c.e.c.c.DesignationControllerTest - No active profile set, falling back to 1 default profile: "default"
2025-03-13 10:16:36 [main] INFO  o.s.b.a.w.s.WelcomePageHandlerMapping - Adding welcome page: class path resource [static/index.html]
2025-03-13 10:16:36 [main] INFO  o.s.b.t.m.w.SpringBootMockServletContext - Initializing Spring TestDispatcherServlet ''
2025-03-13 10:16:36 [main] INFO  o.s.t.w.s.TestDispatcherServlet - Initializing Servlet ''
2025-03-13 10:16:36 [main] INFO  o.s.t.w.s.TestDispatcherServlet - Completed initialization in 0 ms
2025-03-13 10:16:37 [main] INFO  c.e.c.c.DesignationControllerTest - Started DesignationControllerTest in 3.21 seconds (process running for 4.668)
2025-03-13 10:16:37 [main] INFO  c.e.c.c.DesignationController - Received request to add designation: Developer
2025-03-13 10:16:37 [main] INFO  c.e.c.c.DesignationController - Received request to fetch all designations
2025-03-13 10:16:37 [main] INFO  c.e.c.c.DesignationController - Received request to update designation with ID: 1
2025-03-13 10:16:37 [main] INFO  c.e.c.c.DesignationController - Received request to delete designation with ID: 1
2025-03-13 10:17:46 [background-preinit] INFO  o.h.validator.internal.util.Version - HV000001: Hibernate Validator 8.0.2.Final
2025-03-13 10:17:46 [main] INFO  c.e.c.c.DesignationControllerTest - Starting DesignationControllerTest using Java 23.0.2 with PID 29736 (started by prasoon_modi in C:\Users\prasoon_modi\Desktop\EmployeePayroll)
2025-03-13 10:17:46 [main] DEBUG c.e.c.c.DesignationControllerTest - Running with Spring Boot v3.4.2, Spring v6.2.2
2025-03-13 10:17:46 [main] INFO  c.e.c.c.DesignationControllerTest - No active profile set, falling back to 1 default profile: "default"
2025-03-13 10:17:48 [main] INFO  o.s.b.a.w.s.WelcomePageHandlerMapping - Adding welcome page: class path resource [static/index.html]
2025-03-13 10:17:48 [main] INFO  o.s.b.t.m.w.SpringBootMockServletContext - Initializing Spring TestDispatcherServlet ''
2025-03-13 10:17:48 [main] INFO  o.s.t.w.s.TestDispatcherServlet - Initializing Servlet ''
2025-03-13 10:17:48 [main] INFO  o.s.t.w.s.TestDispatcherServlet - Completed initialization in 0 ms
2025-03-13 10:17:48 [main] INFO  c.e.c.c.DesignationControllerTest - Started DesignationControllerTest in 3.167 seconds (process running for 4.667)
2025-03-13 10:17:49 [main] INFO  c.e.c.c.DesignationController - Received request to add designation: Developer
2025-03-13 10:17:49 [main] INFO  c.e.c.c.DesignationController - Received request to fetch all designations
2025-03-13 10:17:49 [main] INFO  c.e.c.c.DesignationController - Received request to update designation with ID: 1
2025-03-13 10:17:49 [main] INFO  c.e.c.c.DesignationController - Received request to delete designation with ID: 1
2025-03-13 10:18:42 [background-preinit] INFO  o.h.validator.internal.util.Version - HV000001: Hibernate Validator 8.0.2.Final
2025-03-13 10:18:42 [main] INFO  c.e.c.c.DepartmentControllerTest - Starting DepartmentControllerTest using Java 23.0.2 with PID 7108 (started by prasoon_modi in C:\Users\prasoon_modi\Desktop\EmployeePayroll)
2025-03-13 10:18:42 [main] DEBUG c.e.c.c.DepartmentControllerTest - Running with Spring Boot v3.4.2, Spring v6.2.2
2025-03-13 10:18:42 [main] INFO  c.e.c.c.DepartmentControllerTest - No active profile set, falling back to 1 default profile: "default"
2025-03-13 10:18:44 [main] INFO  o.s.b.a.w.s.WelcomePageHandlerMapping - Adding welcome page: class path resource [static/index.html]
2025-03-13 10:18:44 [main] INFO  o.s.b.t.m.w.SpringBootMockServletContext - Initializing Spring TestDispatcherServlet ''
2025-03-13 10:18:44 [main] INFO  o.s.t.w.s.TestDispatcherServlet - Initializing Servlet ''
2025-03-13 10:18:44 [main] INFO  o.s.t.w.s.TestDispatcherServlet - Completed initialization in 0 ms
2025-03-13 10:18:44 [main] INFO  c.e.c.c.DepartmentControllerTest - Started DepartmentControllerTest in 2.935 seconds (process running for 4.394)
2025-03-13 10:18:45 [main] INFO  c.e.c.c.DepartmentController - Received request to delete department with ID: 1
2025-03-13 10:18:45 [main] WARN  o.s.w.s.m.s.DefaultHandlerExceptionResolver - Resolved [org.springframework.web.bind.MethodArgumentNotValidException: Validation failed for argument [0] in public org.springframework.http.ResponseEntity<java.lang.String> com.epam.campus.controller.DepartmentController.addDepartment(com.epam.campus.dto.DepartmentDTO): [Field error in object 'departmentDTO' on field 'name': rejected value [IT]; codes [Size.departmentDTO.name,Size.name,Size.java.lang.String,Size]; arguments [org.springframework.context.support.DefaultMessageSourceResolvable: codes [departmentDTO.name,name]; arguments []; default message [name],20,3]; default message [Name should be between 3 and 20]] ]
2025-03-13 10:18:45 [main] WARN  o.s.w.s.m.s.DefaultHandlerExceptionResolver - Resolved [org.springframework.web.bind.MethodArgumentNotValidException: Validation failed for argument [1] in public org.springframework.http.ResponseEntity<java.lang.String> com.epam.campus.controller.DepartmentController.updateDepartment(int,com.epam.campus.dto.DepartmentDTO): [Field error in object 'departmentDTO' on field 'name': rejected value [HR]; codes [Size.departmentDTO.name,Size.name,Size.java.lang.String,Size]; arguments [org.springframework.context.support.DefaultMessageSourceResolvable: codes [departmentDTO.name,name]; arguments []; default message [name],20,3]; default message [Name should be between 3 and 20]] ]
2025-03-13 10:18:45 [main] INFO  c.e.c.c.DepartmentController - Received request to fetch all departments
2025-03-13 10:23:37 [background-preinit] INFO  o.h.validator.internal.util.Version - HV000001: Hibernate Validator 8.0.2.Final
2025-03-13 10:23:37 [main] INFO  c.e.c.c.DepartmentControllerTest - Starting DepartmentControllerTest using Java 23.0.2 with PID 3080 (started by prasoon_modi in C:\Users\prasoon_modi\Desktop\EmployeePayroll)
2025-03-13 10:23:37 [main] DEBUG c.e.c.c.DepartmentControllerTest - Running with Spring Boot v3.4.2, Spring v6.2.2
2025-03-13 10:23:37 [main] INFO  c.e.c.c.DepartmentControllerTest - No active profile set, falling back to 1 default profile: "default"
2025-03-13 10:23:38 [main] INFO  o.s.b.a.w.s.WelcomePageHandlerMapping - Adding welcome page: class path resource [static/index.html]
2025-03-13 10:23:39 [main] INFO  o.s.b.t.m.w.SpringBootMockServletContext - Initializing Spring TestDispatcherServlet ''
2025-03-13 10:23:39 [main] INFO  o.s.t.w.s.TestDispatcherServlet - Initializing Servlet ''
2025-03-13 10:23:39 [main] INFO  o.s.t.w.s.TestDispatcherServlet - Completed initialization in 0 ms
2025-03-13 10:23:39 [main] INFO  c.e.c.c.DepartmentControllerTest - Started DepartmentControllerTest in 2.012 seconds (process running for 2.901)
2025-03-13 10:23:39 [main] INFO  c.e.c.c.DepartmentController - Received request to delete department with ID: 1
2025-03-13 10:23:39 [main] WARN  o.s.w.s.m.s.DefaultHandlerExceptionResolver - Resolved [org.springframework.web.bind.MethodArgumentNotValidException: Validation failed for argument [0] in public org.springframework.http.ResponseEntity<java.lang.String> com.epam.campus.controller.DepartmentController.addDepartment(com.epam.campus.dto.DepartmentDTO): [Field error in object 'departmentDTO' on field 'name': rejected value [IT]; codes [Size.departmentDTO.name,Size.name,Size.java.lang.String,Size]; arguments [org.springframework.context.support.DefaultMessageSourceResolvable: codes [departmentDTO.name,name]; arguments []; default message [name],20,3]; default message [Name should be between 3 and 20]] ]
2025-03-13 10:23:39 [main] INFO  c.e.c.c.DepartmentController - Received request to update department with ID: 1
2025-03-13 10:23:39 [main] INFO  c.e.c.c.DepartmentController - Received request to fetch all departments
2025-03-13 10:24:19 [background-preinit] INFO  o.h.validator.internal.util.Version - HV000001: Hibernate Validator 8.0.2.Final
2025-03-13 10:24:19 [main] INFO  c.e.c.c.DepartmentControllerTest - Starting DepartmentControllerTest using Java 23.0.2 with PID 2100 (started by prasoon_modi in C:\Users\prasoon_modi\Desktop\EmployeePayroll)
2025-03-13 10:24:19 [main] DEBUG c.e.c.c.DepartmentControllerTest - Running with Spring Boot v3.4.2, Spring v6.2.2
2025-03-13 10:24:19 [main] INFO  c.e.c.c.DepartmentControllerTest - No active profile set, falling back to 1 default profile: "default"
2025-03-13 10:24:20 [main] INFO  o.s.b.a.w.s.WelcomePageHandlerMapping - Adding welcome page: class path resource [static/index.html]
2025-03-13 10:24:20 [main] INFO  o.s.b.t.m.w.SpringBootMockServletContext - Initializing Spring TestDispatcherServlet ''
2025-03-13 10:24:20 [main] INFO  o.s.t.w.s.TestDispatcherServlet - Initializing Servlet ''
2025-03-13 10:24:20 [main] INFO  o.s.t.w.s.TestDispatcherServlet - Completed initialization in 2 ms
2025-03-13 10:24:20 [main] INFO  c.e.c.c.DepartmentControllerTest - Started DepartmentControllerTest in 1.936 seconds (process running for 2.852)
2025-03-13 10:24:20 [main] INFO  c.e.c.c.DepartmentController - Received request to delete department with ID: 1
2025-03-13 10:24:20 [main] INFO  c.e.c.c.DepartmentController - Received request to add department: JAVA
2025-03-13 10:24:20 [main] INFO  c.e.c.c.DepartmentController - Received request to update department with ID: 1
2025-03-13 10:24:20 [main] INFO  c.e.c.c.DepartmentController - Received request to fetch all departments
2025-03-13 10:26:56 [background-preinit] INFO  o.h.validator.internal.util.Version - HV000001: Hibernate Validator 8.0.2.Final
2025-03-13 10:26:56 [main] INFO  c.e.c.c.DepartmentControllerTest - Starting DepartmentControllerTest using Java 23.0.2 with PID 28244 (started by prasoon_modi in C:\Users\prasoon_modi\Desktop\EmployeePayroll)
2025-03-13 10:26:56 [main] DEBUG c.e.c.c.DepartmentControllerTest - Running with Spring Boot v3.4.2, Spring v6.2.2
2025-03-13 10:26:56 [main] INFO  c.e.c.c.DepartmentControllerTest - No active profile set, falling back to 1 default profile: "default"
2025-03-13 10:26:57 [main] INFO  o.s.b.a.w.s.WelcomePageHandlerMapping - Adding welcome page: class path resource [static/index.html]
2025-03-13 10:26:57 [main] INFO  o.s.b.t.m.w.SpringBootMockServletContext - Initializing Spring TestDispatcherServlet ''
2025-03-13 10:26:57 [main] INFO  o.s.t.w.s.TestDispatcherServlet - Initializing Servlet ''
2025-03-13 10:26:57 [main] INFO  o.s.t.w.s.TestDispatcherServlet - Completed initialization in 0 ms
2025-03-13 10:26:57 [main] INFO  c.e.c.c.DepartmentControllerTest - Started DepartmentControllerTest in 2.05 seconds (process running for 2.947)
2025-03-13 10:26:57 [main] INFO  c.e.c.c.DepartmentController - Received request to delete department with ID: 1
2025-03-13 10:26:57 [main] INFO  c.e.c.c.DepartmentController - Received request to add department: JAVA
2025-03-13 10:26:58 [main] INFO  c.e.c.c.DepartmentController - Received request to update department with ID: 1
2025-03-13 10:26:58 [main] INFO  c.e.c.c.DepartmentController - Received request to fetch all departments
